<?xml version="1.0" encoding="UTF-8"?>
<coverage generated="1676613421689" clover="3.2.0">
  <project timestamp="1676613421689" name="All files">
    <metrics statements="505" coveredstatements="505" conditionals="257" coveredconditionals="257" methods="103" coveredmethods="103" elements="865" coveredelements="865" complexity="0" loc="505" ncloc="505" packages="4" files="13" classes="13"/>
    <package name="src">
      <metrics statements="18" coveredstatements="18" conditionals="0" coveredconditionals="0" methods="1" coveredmethods="1"/>
      <file name="index.ts" path="/Users/jarvan/php/git/utils-tools/src/index.ts">
        <metrics statements="18" coveredstatements="18" conditionals="0" coveredconditionals="0" methods="1" coveredmethods="1"/>
        <line num="1" count="10" type="stmt"/>
        <line num="2" count="10" type="stmt"/>
        <line num="3" count="10" type="stmt"/>
        <line num="4" count="10" type="stmt"/>
        <line num="5" count="10" type="stmt"/>
        <line num="6" count="10" type="stmt"/>
        <line num="7" count="10" type="stmt"/>
        <line num="8" count="10" type="stmt"/>
        <line num="9" count="10" type="stmt"/>
        <line num="10" count="10" type="stmt"/>
        <line num="12" count="10" type="stmt"/>
        <line num="19" count="10" type="stmt"/>
        <line num="20" count="10" type="stmt"/>
        <line num="21" count="10" type="stmt"/>
        <line num="23" count="10" type="stmt"/>
        <line num="25" count="10" type="stmt"/>
        <line num="31" count="10" type="stmt"/>
        <line num="33" count="10" type="stmt"/>
      </file>
    </package>
    <package name="src.core">
      <metrics statements="477" coveredstatements="477" conditionals="255" coveredconditionals="255" methods="98" coveredmethods="98"/>
      <file name="date.ts" path="/Users/jarvan/php/git/utils-tools/src/core/date.ts">
        <metrics statements="154" coveredstatements="154" conditionals="88" coveredconditionals="88" methods="35" coveredmethods="35"/>
        <line num="1" count="10" type="stmt"/>
        <line num="9" count="10" type="stmt"/>
        <line num="17" count="10" type="stmt"/>
        <line num="19" count="1" type="stmt"/>
        <line num="22" count="1" type="stmt"/>
        <line num="25" count="8" type="stmt"/>
        <line num="28" count="3" type="stmt"/>
        <line num="31" count="9" type="stmt"/>
        <line num="34" count="4" type="stmt"/>
        <line num="37" count="1" type="stmt"/>
        <line num="40" count="13" type="stmt"/>
        <line num="43" count="7" type="cond" truecount="2" falsecount="0"/>
        <line num="46" count="5" type="cond" truecount="2" falsecount="0"/>
        <line num="49" count="2" type="stmt"/>
        <line num="52" count="4" type="stmt"/>
        <line num="55" count="7" type="stmt"/>
        <line num="58" count="7" type="stmt"/>
        <line num="61" count="7" type="stmt"/>
        <line num="64" count="7" type="stmt"/>
        <line num="67" count="2" type="cond" truecount="2" falsecount="0"/>
        <line num="70" count="2" type="cond" truecount="2" falsecount="0"/>
        <line num="80" count="24" type="cond" truecount="2" falsecount="0"/>
        <line num="81" count="22" type="cond" truecount="2" falsecount="0"/>
        <line num="82" count="15" type="stmt"/>
        <line num="84" count="22" type="stmt"/>
        <line num="85" count="22" type="stmt"/>
        <line num="86" count="92" type="cond" truecount="2" falsecount="0"/>
        <line num="96" count="10" type="stmt"/>
        <line num="97" count="4" type="cond" truecount="2" falsecount="0"/>
        <line num="98" count="2" type="stmt"/>
        <line num="100" count="4" type="stmt"/>
        <line num="102" count="4" type="stmt"/>
        <line num="103" count="4" type="stmt"/>
        <line num="104" count="4" type="stmt"/>
        <line num="106" count="4" type="cond" truecount="2" falsecount="0"/>
        <line num="107" count="2" type="stmt"/>
        <line num="108" count="2" type="stmt"/>
        <line num="109" count="2" type="stmt"/>
        <line num="110" count="2" type="stmt"/>
        <line num="116" count="2" type="stmt"/>
        <line num="126" count="10" type="cond" truecount="2" falsecount="0"/>
        <line num="128" count="2" type="cond" truecount="2" falsecount="0"/>
        <line num="129" count="1" type="stmt"/>
        <line num="131" count="1" type="stmt"/>
        <line num="132" count="1" type="stmt"/>
        <line num="134" count="2" type="stmt"/>
        <line num="141" count="10" type="stmt"/>
        <line num="142" count="14" type="stmt"/>
        <line num="148" count="10" type="stmt"/>
        <line num="149" count="26" type="stmt"/>
        <line num="156" count="10" type="stmt"/>
        <line num="157" count="42" type="stmt"/>
        <line num="158" count="42" type="cond" truecount="2" falsecount="0"/>
        <line num="159" count="2" type="stmt"/>
        <line num="160" count="40" type="cond" truecount="2" falsecount="0"/>
        <line num="161" count="14" type="cond" truecount="2" falsecount="0"/>
        <line num="162" count="26" type="cond" truecount="2" falsecount="0"/>
        <line num="163" count="11" type="cond" truecount="2" falsecount="0"/>
        <line num="164" count="10" type="stmt"/>
        <line num="166" count="11" type="cond" truecount="2" falsecount="0"/>
        <line num="169" count="15" type="stmt"/>
        <line num="170" count="15" type="stmt"/>
        <line num="172" count="15" type="cond" truecount="4" falsecount="0"/>
        <line num="186" count="10" type="stmt"/>
        <line num="187" count="21" type="stmt"/>
        <line num="189" count="21" type="cond" truecount="2" falsecount="0"/>
        <line num="190" count="11" type="stmt"/>
        <line num="191" count="10" type="cond" truecount="2" falsecount="0"/>
        <line num="192" count="3" type="stmt"/>
        <line num="195" count="7" type="stmt"/>
        <line num="202" count="10" type="stmt"/>
        <line num="203" count="9" type="stmt"/>
        <line num="204" count="9" type="cond" truecount="2" falsecount="0"/>
        <line num="206" count="8" type="stmt"/>
        <line num="209" count="8" type="stmt"/>
        <line num="211" count="8" type="stmt"/>
        <line num="212" count="8" type="cond" truecount="2" falsecount="0"/>
        <line num="214" count="1" type="stmt"/>
        <line num="215" count="7" type="cond" truecount="4" falsecount="0"/>
        <line num="217" count="1" type="stmt"/>
        <line num="218" count="6" type="cond" truecount="4" falsecount="0"/>
        <line num="220" count="1" type="stmt"/>
        <line num="221" count="5" type="cond" truecount="2" falsecount="0"/>
        <line num="223" count="2" type="stmt"/>
        <line num="236" count="3" type="stmt"/>
        <line num="244" count="10" type="stmt"/>
        <line num="249" count="2" type="stmt"/>
        <line num="250" count="2" type="stmt"/>
        <line num="251" count="2" type="cond" truecount="2" falsecount="0"/>
        <line num="252" count="1" type="stmt"/>
        <line num="254" count="1" type="stmt"/>
        <line num="261" count="10" type="stmt"/>
        <line num="266" count="5" type="stmt"/>
        <line num="267" count="5" type="stmt"/>
        <line num="268" count="5" type="stmt"/>
        <line num="269" count="5" type="stmt"/>
        <line num="270" count="5" type="cond" truecount="2" falsecount="0"/>
        <line num="271" count="3" type="stmt"/>
        <line num="272" count="3" type="stmt"/>
        <line num="273" count="2" type="cond" truecount="2" falsecount="0"/>
        <line num="274" count="1" type="stmt"/>
        <line num="275" count="1" type="stmt"/>
        <line num="277" count="1" type="stmt"/>
        <line num="279" count="5" type="cond" truecount="2" falsecount="0"/>
        <line num="280" count="1" type="stmt"/>
        <line num="282" count="5" type="cond" truecount="2" falsecount="0"/>
        <line num="283" count="1" type="stmt"/>
        <line num="285" count="4" type="stmt"/>
        <line num="292" count="10" type="stmt"/>
        <line num="293" count="2" type="stmt"/>
        <line num="294" count="2" type="stmt"/>
        <line num="295" count="2" type="cond" truecount="2" falsecount="0"/>
        <line num="296" count="1" type="stmt"/>
        <line num="298" count="1" type="stmt"/>
        <line num="305" count="10" type="stmt"/>
        <line num="306" count="7" type="stmt"/>
        <line num="307" count="7" type="cond" truecount="2" falsecount="0"/>
        <line num="308" count="6" type="stmt"/>
        <line num="311" count="6" type="stmt"/>
        <line num="313" count="6" type="cond" truecount="2" falsecount="0"/>
        <line num="314" count="6" type="cond" truecount="2" falsecount="0"/>
        <line num="315" count="6" type="cond" truecount="2" falsecount="0"/>
        <line num="317" count="6" type="cond" truecount="2" falsecount="0"/>
        <line num="318" count="6" type="stmt"/>
        <line num="326" count="1" type="stmt"/>
        <line num="333" count="10" type="stmt"/>
        <line num="334" count="2" type="stmt"/>
        <line num="335" count="2" type="stmt"/>
        <line num="342" count="2" type="stmt"/>
        <line num="343" count="8" type="stmt"/>
        <line num="345" count="2" type="stmt"/>
        <line num="352" count="10" type="stmt"/>
        <line num="353" count="3" type="cond" truecount="2" falsecount="0"/>
        <line num="354" count="1" type="stmt"/>
        <line num="356" count="2" type="stmt"/>
        <line num="364" count="10" type="stmt"/>
        <line num="365" count="16" type="stmt"/>
        <line num="366" count="16" type="stmt"/>
        <line num="367" count="16" type="stmt"/>
        <line num="368" count="16" type="stmt"/>
        <line num="369" count="16" type="cond" truecount="2" falsecount="0"/>
        <line num="371" count="12" type="stmt"/>
        <line num="372" count="12" type="stmt"/>
        <line num="373" count="12" type="cond" truecount="2" falsecount="0"/>
        <line num="375" count="10" type="stmt"/>
        <line num="376" count="10" type="stmt"/>
        <line num="378" count="2" type="stmt"/>
        <line num="381" count="4" type="stmt"/>
        <line num="382" count="4" type="stmt"/>
        <line num="383" count="4" type="cond" truecount="2" falsecount="0"/>
        <line num="385" count="2" type="stmt"/>
        <line num="386" count="2" type="stmt"/>
        <line num="388" count="2" type="stmt"/>
        <line num="391" count="16" type="stmt"/>
      </file>
      <file name="format.ts" path="/Users/jarvan/php/git/utils-tools/src/core/format.ts">
        <metrics statements="44" coveredstatements="44" conditionals="30" coveredconditionals="30" methods="8" coveredmethods="8"/>
        <line num="1" count="10" type="stmt"/>
        <line num="8" count="10" type="stmt"/>
        <line num="9" count="100" type="stmt"/>
        <line num="10" count="100" type="cond" truecount="2" falsecount="0"/>
        <line num="11" count="99" type="stmt"/>
        <line num="13" count="1" type="stmt"/>
        <line num="15" count="100" type="cond" truecount="2" falsecount="0"/>
        <line num="24" count="10" type="stmt"/>
        <line num="25" count="1" type="stmt"/>
        <line num="34" count="35" type="cond" truecount="2" falsecount="0"/>
        <line num="35" count="18" type="stmt"/>
        <line num="44" count="10" type="cond" truecount="2" falsecount="0"/>
        <line num="45" count="2" type="stmt"/>
        <line num="46" count="2" type="stmt"/>
        <line num="47" count="2" type="cond" truecount="2" falsecount="0"/>
        <line num="48" count="2" type="stmt"/>
        <line num="57" count="2" type="stmt"/>
        <line num="66" count="10" type="stmt"/>
        <line num="67" count="2" type="cond" truecount="2" falsecount="0"/>
        <line num="68" count="1" type="stmt"/>
        <line num="77" count="10" type="stmt"/>
        <line num="78" count="5" type="cond" truecount="4" falsecount="0"/>
        <line num="80" count="3" type="stmt"/>
        <line num="84" count="3" type="stmt"/>
        <line num="86" count="3" type="stmt"/>
        <line num="88" count="3" type="stmt"/>
        <line num="89" count="9" type="cond" truecount="2" falsecount="0"/>
        <line num="90" count="7" type="stmt"/>
        <line num="91" count="7" type="stmt"/>
        <line num="93" count="9" type="stmt"/>
        <line num="96" count="3" type="stmt"/>
        <line num="105" count="10" type="stmt"/>
        <line num="106" count="4" type="cond" truecount="2" falsecount="0"/>
        <line num="108" count="3" type="stmt"/>
        <line num="110" count="3" type="stmt"/>
        <line num="112" count="3" type="stmt"/>
        <line num="113" count="7" type="cond" truecount="4" falsecount="0"/>
        <line num="114" count="2" type="stmt"/>
        <line num="117" count="5" type="cond" truecount="2" falsecount="0"/>
        <line num="118" count="1" type="stmt"/>
        <line num="120" count="4" type="stmt"/>
        <line num="124" count="3" type="cond" truecount="2" falsecount="0"/>
        <line num="131" count="10" type="stmt"/>
        <line num="132" count="5" type="stmt"/>
      </file>
      <file name="index.ts" path="/Users/jarvan/php/git/utils-tools/src/core/index.ts">
        <metrics statements="102" coveredstatements="102" conditionals="78" coveredconditionals="78" methods="19" coveredmethods="19"/>
        <line num="1" count="10" type="stmt"/>
        <line num="2" count="10" type="stmt"/>
        <line num="7" count="10" type="stmt"/>
        <line num="8" count="5" type="stmt"/>
        <line num="9" count="5" type="stmt"/>
        <line num="11" count="2" type="cond" truecount="2" falsecount="0"/>
        <line num="19" count="10" type="stmt"/>
        <line num="20" count="1" type="stmt"/>
        <line num="27" count="10" type="stmt"/>
        <line num="28" count="2" type="stmt"/>
        <line num="29" count="2" type="stmt"/>
        <line num="30" count="2" type="stmt"/>
        <line num="31" count="2" type="cond" truecount="3" falsecount="0"/>
        <line num="38" count="10" type="stmt"/>
        <line num="39" count="3" type="cond" truecount="4" falsecount="0"/>
        <line num="40" count="2" type="stmt"/>
        <line num="41" count="5" type="stmt"/>
        <line num="42" count="5" type="cond" truecount="2" falsecount="0"/>
        <line num="43" count="3" type="stmt"/>
        <line num="45" count="2" type="stmt"/>
        <line num="48" count="2" type="stmt"/>
        <line num="50" count="1" type="stmt"/>
        <line num="56" count="10" type="stmt"/>
        <line num="61" count="10" type="stmt"/>
        <line num="62" count="10" type="cond" truecount="4" falsecount="0"/>
        <line num="63" count="2" type="stmt"/>
        <line num="65" count="8" type="cond" truecount="2" falsecount="0"/>
        <line num="66" count="8" type="stmt"/>
        <line num="67" count="12" type="cond" truecount="2" falsecount="0"/>
        <line num="68" count="11" type="cond" truecount="4" falsecount="0"/>
        <line num="69" count="3" type="stmt"/>
        <line num="72" count="8" type="cond" truecount="2" falsecount="0"/>
        <line num="73" count="5" type="cond" truecount="2" falsecount="0"/>
        <line num="75" count="3" type="stmt"/>
        <line num="80" count="8" type="stmt"/>
        <line num="87" count="10" type="stmt"/>
        <line num="88" count="2" type="stmt"/>
        <line num="95" count="10" type="stmt"/>
        <line num="96" count="3" type="stmt"/>
        <line num="97" count="3" type="cond" truecount="2" falsecount="0"/>
        <line num="98" count="1" type="stmt"/>
        <line num="100" count="2" type="stmt"/>
        <line num="107" count="10" type="stmt"/>
        <line num="108" count="5" type="stmt"/>
        <line num="115" count="10" type="stmt"/>
        <line num="116" count="2" type="stmt"/>
        <line num="117" count="2" type="stmt"/>
        <line num="118" count="2" type="stmt"/>
        <line num="119" count="3" type="cond" truecount="2" falsecount="0"/>
        <line num="120" count="2" type="stmt"/>
        <line num="121" count="2" type="stmt"/>
        <line num="124" count="2" type="stmt"/>
        <line num="131" count="10" type="stmt"/>
        <line num="132" count="1" type="stmt"/>
        <line num="133" count="1" type="stmt"/>
        <line num="141" count="10" type="stmt"/>
        <line num="143" count="4" type="stmt"/>
        <line num="144" count="4" type="stmt"/>
        <line num="145" count="4" type="cond" truecount="2" falsecount="0"/>
        <line num="146" count="4" type="stmt"/>
        <line num="147" count="4" type="cond" truecount="2" falsecount="0"/>
        <line num="148" count="1" type="stmt"/>
        <line num="150" count="3" type="cond" truecount="2" falsecount="0"/>
        <line num="151" count="1" type="stmt"/>
        <line num="153" count="2" type="cond" truecount="2" falsecount="0"/>
        <line num="154" count="1" type="stmt"/>
        <line num="156" count="1" type="stmt"/>
        <line num="163" count="10" type="stmt"/>
        <line num="164" count="9" type="cond" truecount="2" falsecount="0"/>
        <line num="165" count="7" type="cond" truecount="2" falsecount="0"/>
        <line num="166" count="5" type="stmt"/>
        <line num="179" count="10" type="stmt"/>
        <line num="180" count="8" type="cond" truecount="4" falsecount="0"/>
        <line num="182" count="8" type="cond" truecount="4" falsecount="0"/>
        <line num="184" count="7" type="stmt"/>
        <line num="185" count="7" type="cond" truecount="2" falsecount="0"/>
        <line num="187" count="5" type="stmt"/>
        <line num="189" count="5" type="cond" truecount="2" falsecount="0"/>
        <line num="190" count="5" type="stmt"/>
        <line num="191" count="5" type="cond" truecount="2" falsecount="0"/>
        <line num="192" count="5" type="stmt"/>
        <line num="194" count="5" type="stmt"/>
        <line num="198" count="2" type="stmt"/>
        <line num="204" count="6" type="cond" truecount="2" falsecount="0"/>
        <line num="205" count="1" type="stmt"/>
        <line num="208" count="2" type="cond" truecount="4" falsecount="0"/>
        <line num="209" count="1" type="stmt"/>
        <line num="211" count="2" type="stmt"/>
        <line num="219" count="10" type="stmt"/>
        <line num="220" count="5" type="stmt"/>
        <line num="221" count="5" type="stmt"/>
        <line num="228" count="10" type="stmt"/>
        <line num="230" count="7" type="stmt"/>
        <line num="232" count="7" type="cond" truecount="2" falsecount="0"/>
        <line num="233" count="7" type="stmt"/>
        <line num="234" count="7" type="stmt"/>
        <line num="235" count="7" type="cond" truecount="2" falsecount="0"/>
        <line num="236" count="7" type="cond" truecount="2" falsecount="0"/>
        <line num="237" count="2" type="stmt"/>
        <line num="240" count="7" type="cond" truecount="4" falsecount="0"/>
        <line num="241" count="2" type="stmt"/>
        <line num="243" count="7" type="stmt"/>
      </file>
      <file name="is.ts" path="/Users/jarvan/php/git/utils-tools/src/core/is.ts">
        <metrics statements="15" coveredstatements="15" conditionals="4" coveredconditionals="4" methods="7" coveredmethods="7"/>
        <line num="9" count="10" type="stmt"/>
        <line num="14" count="10" type="stmt"/>
        <line num="15" count="10" type="cond" truecount="2" falsecount="0"/>
        <line num="21" count="10" type="stmt"/>
        <line num="22" count="9" type="cond" truecount="2" falsecount="0"/>
        <line num="28" count="10" type="stmt"/>
        <line num="29" count="9" type="stmt"/>
        <line num="35" count="10" type="stmt"/>
        <line num="36" count="2" type="stmt"/>
        <line num="42" count="10" type="stmt"/>
        <line num="43" count="2" type="stmt"/>
        <line num="49" count="10" type="stmt"/>
        <line num="50" count="8" type="stmt"/>
        <line num="56" count="10" type="stmt"/>
        <line num="57" count="9" type="stmt"/>
      </file>
      <file name="lodash-tool.ts" path="/Users/jarvan/php/git/utils-tools/src/core/lodash-tool.ts">
        <metrics statements="32" coveredstatements="32" conditionals="0" coveredconditionals="0" methods="0" coveredmethods="0"/>
        <line num="1" count="10" type="stmt"/>
        <line num="2" count="10" type="stmt"/>
        <line num="3" count="10" type="stmt"/>
        <line num="4" count="10" type="stmt"/>
        <line num="5" count="10" type="stmt"/>
        <line num="6" count="10" type="stmt"/>
        <line num="7" count="10" type="stmt"/>
        <line num="8" count="10" type="stmt"/>
        <line num="9" count="10" type="stmt"/>
        <line num="10" count="10" type="stmt"/>
        <line num="11" count="10" type="stmt"/>
        <line num="12" count="10" type="stmt"/>
        <line num="13" count="10" type="stmt"/>
        <line num="14" count="10" type="stmt"/>
        <line num="15" count="10" type="stmt"/>
        <line num="16" count="10" type="stmt"/>
        <line num="19" count="10" type="stmt"/>
        <line num="20" count="10" type="stmt"/>
        <line num="21" count="10" type="stmt"/>
        <line num="22" count="10" type="stmt"/>
        <line num="23" count="10" type="stmt"/>
        <line num="24" count="10" type="stmt"/>
        <line num="25" count="10" type="stmt"/>
        <line num="26" count="10" type="stmt"/>
        <line num="27" count="10" type="stmt"/>
        <line num="28" count="10" type="stmt"/>
        <line num="29" count="10" type="stmt"/>
        <line num="30" count="10" type="stmt"/>
        <line num="31" count="10" type="stmt"/>
        <line num="32" count="10" type="stmt"/>
        <line num="33" count="10" type="stmt"/>
        <line num="34" count="10" type="stmt"/>
      </file>
      <file name="math.ts" path="/Users/jarvan/php/git/utils-tools/src/core/math.ts">
        <metrics statements="81" coveredstatements="81" conditionals="29" coveredconditionals="29" methods="10" coveredmethods="10"/>
        <line num="5" count="10" type="stmt"/>
        <line num="21" count="100" type="stmt"/>
        <line num="22" count="100" type="stmt"/>
        <line num="23" count="100" type="stmt"/>
        <line num="24" count="100" type="cond" truecount="2" falsecount="0"/>
        <line num="26" count="3" type="stmt"/>
        <line num="37" count="20" type="stmt"/>
        <line num="38" count="20" type="stmt"/>
        <line num="40" count="10" type="stmt"/>
        <line num="42" count="20" type="stmt"/>
        <line num="43" count="20" type="stmt"/>
        <line num="45" count="19" type="stmt"/>
        <line num="47" count="20" type="stmt"/>
        <line num="48" count="20" type="stmt"/>
        <line num="49" count="20" type="stmt"/>
        <line num="56" count="29" type="cond" truecount="2" falsecount="0"/>
        <line num="57" count="20" type="stmt"/>
        <line num="58" count="20" type="stmt"/>
        <line num="59" count="20" type="cond" truecount="3" falsecount="0"/>
        <line num="60" count="20" type="cond" truecount="2" falsecount="0"/>
        <line num="61" count="10" type="stmt"/>
        <line num="63" count="10" type="stmt"/>
        <line num="64" count="10" type="cond" truecount="2" falsecount="0"/>
        <line num="65" count="10" type="stmt"/>
        <line num="73" count="10" type="stmt"/>
        <line num="74" count="6" type="stmt"/>
        <line num="75" count="6" type="stmt"/>
        <line num="76" count="6" type="stmt"/>
        <line num="77" count="6" type="stmt"/>
        <line num="78" count="6" type="stmt"/>
        <line num="85" count="10" type="stmt"/>
        <line num="90" count="4" type="stmt"/>
        <line num="91" count="4" type="stmt"/>
        <line num="92" count="4" type="stmt"/>
        <line num="93" count="4" type="stmt"/>
        <line num="94" count="4" type="stmt"/>
        <line num="101" count="10" type="stmt"/>
        <line num="106" count="5" type="stmt"/>
        <line num="107" count="5" type="stmt"/>
        <line num="108" count="5" type="stmt"/>
        <line num="109" count="5" type="stmt"/>
        <line num="110" count="5" type="stmt"/>
        <line num="117" count="10" type="stmt"/>
        <line num="118" count="5" type="stmt"/>
        <line num="119" count="5" type="stmt"/>
        <line num="120" count="5" type="stmt"/>
        <line num="121" count="5" type="stmt"/>
        <line num="122" count="5" type="stmt"/>
        <line num="129" count="10" type="stmt"/>
        <line num="130" count="8" type="cond" truecount="2" falsecount="0"/>
        <line num="131" count="6" type="stmt"/>
        <line num="132" count="6" type="stmt"/>
        <line num="133" count="6" type="stmt"/>
        <line num="136" count="6" type="stmt"/>
        <line num="137" count="6" type="cond" truecount="2" falsecount="0"/>
        <line num="138" count="2" type="stmt"/>
        <line num="140" count="2" type="cond" truecount="2" falsecount="0"/>
        <line num="142" count="2" type="cond" truecount="2" falsecount="0"/>
        <line num="143" count="2" type="stmt"/>
        <line num="144" count="44" type="stmt"/>
        <line num="146" count="2" type="stmt"/>
        <line num="147" count="4" type="cond" truecount="2" falsecount="0"/>
        <line num="148" count="2" type="stmt"/>
        <line num="149" count="2" type="stmt"/>
        <line num="150" count="2" type="cond" truecount="2" falsecount="0"/>
        <line num="151" count="2" type="stmt"/>
        <line num="152" count="44" type="stmt"/>
        <line num="154" count="2" type="stmt"/>
        <line num="156" count="2" type="stmt"/>
        <line num="164" count="10" type="stmt"/>
        <line num="165" count="2" type="stmt"/>
        <line num="166" count="2" type="cond" truecount="2" falsecount="0"/>
        <line num="167" count="1" type="stmt"/>
        <line num="169" count="1" type="stmt"/>
        <line num="177" count="10" type="stmt"/>
        <line num="178" count="3" type="cond" truecount="2" falsecount="0"/>
        <line num="179" count="2" type="stmt"/>
        <line num="180" count="2" type="stmt"/>
        <line num="181" count="2" type="stmt"/>
        <line num="182" count="2" type="cond" truecount="2" falsecount="0"/>
        <line num="184" count="1" type="stmt"/>
      </file>
      <file name="method.ts" path="/Users/jarvan/php/git/utils-tools/src/core/method.ts">
        <metrics statements="13" coveredstatements="13" conditionals="16" coveredconditionals="16" methods="6" coveredmethods="6"/>
        <line num="1" count="10" type="stmt"/>
        <line num="13" count="12" type="cond" truecount="4" falsecount="0"/>
        <line num="14" count="8" type="stmt"/>
        <line num="22" count="12" type="cond" truecount="4" falsecount="0"/>
        <line num="23" count="8" type="stmt"/>
        <line num="24" count="8" type="stmt"/>
        <line num="25" count="8" type="stmt"/>
        <line num="34" count="12" type="cond" truecount="4" falsecount="0"/>
        <line num="35" count="8" type="stmt"/>
        <line num="43" count="12" type="cond" truecount="4" falsecount="0"/>
        <line num="44" count="8" type="stmt"/>
        <line num="45" count="8" type="stmt"/>
        <line num="46" count="8" type="stmt"/>
      </file>
      <file name="url.ts" path="/Users/jarvan/php/git/utils-tools/src/core/url.ts">
        <metrics statements="17" coveredstatements="17" conditionals="8" coveredconditionals="8" methods="5" coveredmethods="5"/>
        <line num="7" count="10" type="stmt"/>
        <line num="8" count="5" type="stmt"/>
        <line num="9" count="5" type="stmt"/>
        <line num="10" count="15" type="cond" truecount="2" falsecount="0"/>
        <line num="11" count="11" type="stmt"/>
        <line num="14" count="5" type="stmt"/>
        <line num="23" count="10" type="stmt"/>
        <line num="24" count="4" type="cond" truecount="2" falsecount="0"/>
        <line num="25" count="3" type="stmt"/>
        <line num="27" count="9" type="cond" truecount="2" falsecount="0"/>
        <line num="28" count="7" type="stmt"/>
        <line num="46" count="10" type="stmt"/>
        <line num="47" count="4" type="cond" truecount="2" falsecount="0"/>
        <line num="48" count="4" type="stmt"/>
        <line num="50" count="4" type="stmt"/>
        <line num="52" count="5" type="stmt"/>
        <line num="54" count="4" type="stmt"/>
      </file>
      <file name="uuid.ts" path="/Users/jarvan/php/git/utils-tools/src/core/uuid.ts">
        <metrics statements="8" coveredstatements="8" conditionals="2" coveredconditionals="2" methods="4" coveredmethods="4"/>
        <line num="5" count="10" type="stmt"/>
        <line num="8" count="16" type="stmt"/>
        <line num="10" count="2" type="stmt"/>
        <line num="17" count="10" type="stmt"/>
        <line num="18" count="1" type="stmt"/>
        <line num="19" count="31" type="stmt"/>
        <line num="20" count="31" type="cond" truecount="2" falsecount="0"/>
        <line num="21" count="31" type="stmt"/>
      </file>
      <file name="verify.ts" path="/Users/jarvan/php/git/utils-tools/src/core/verify.ts">
        <metrics statements="11" coveredstatements="11" conditionals="0" coveredconditionals="0" methods="4" coveredmethods="4"/>
        <line num="7" count="10" type="stmt"/>
        <line num="8" count="3" type="stmt"/>
        <line num="17" count="10" type="stmt"/>
        <line num="18" count="2" type="stmt"/>
        <line num="19" count="2" type="stmt"/>
        <line num="28" count="10" type="stmt"/>
        <line num="29" count="2" type="stmt"/>
        <line num="30" count="2" type="stmt"/>
        <line num="39" count="10" type="stmt"/>
        <line num="40" count="2" type="stmt"/>
        <line num="41" count="2" type="stmt"/>
      </file>
    </package>
    <package name="src.enum">
      <metrics statements="5" coveredstatements="5" conditionals="2" coveredconditionals="2" methods="1" coveredmethods="1"/>
      <file name="system.ts" path="/Users/jarvan/php/git/utils-tools/src/enum/system.ts">
        <metrics statements="5" coveredstatements="5" conditionals="2" coveredconditionals="2" methods="1" coveredmethods="1"/>
        <line num="5" count="10" type="cond" truecount="2" falsecount="0"/>
        <line num="6" count="10" type="stmt"/>
        <line num="7" count="10" type="stmt"/>
        <line num="8" count="10" type="stmt"/>
        <line num="9" count="10" type="stmt"/>
      </file>
    </package>
    <package name="src.tools">
      <metrics statements="5" coveredstatements="5" conditionals="0" coveredconditionals="0" methods="3" coveredmethods="3"/>
      <file name="index.ts" path="/Users/jarvan/php/git/utils-tools/src/tools/index.ts">
        <metrics statements="5" coveredstatements="5" conditionals="0" coveredconditionals="0" methods="3" coveredmethods="3"/>
        <line num="4" count="10" type="stmt"/>
        <line num="5" count="10" type="stmt"/>
        <line num="6" count="100" type="stmt"/>
        <line num="7" count="910" type="stmt"/>
        <line num="10" count="10" type="stmt"/>
      </file>
    </package>
  </project>
</coverage>
