{"/Users/jarvan/php/git/utils-tools/src/index.ts": {"path":"/Users/jarvan/php/git/utils-tools/src/index.ts","statementMap":{"0":{"start":{"line":1,"column":0},"end":{"line":1,"column":37}},"1":{"start":{"line":2,"column":0},"end":{"line":2,"column":39}},"2":{"start":{"line":3,"column":0},"end":{"line":3,"column":39}},"3":{"start":{"line":4,"column":0},"end":{"line":4,"column":31}},"4":{"start":{"line":5,"column":0},"end":{"line":5,"column":35}},"5":{"start":{"line":6,"column":0},"end":{"line":6,"column":39}},"6":{"start":{"line":7,"column":0},"end":{"line":7,"column":35}},"7":{"start":{"line":8,"column":0},"end":{"line":8,"column":33}},"8":{"start":{"line":9,"column":0},"end":{"line":9,"column":35}},"9":{"start":{"line":10,"column":0},"end":{"line":10,"column":44}},"10":{"start":{"line":12,"column":0},"end":{"line":12,"column":37}},"11":{"start":{"line":19,"column":27},"end":{"line":19,"column":46}},"12":{"start":{"line":20,"column":2},"end":{"line":20,"column":null}},"13":{"start":{"line":21,"column":26},"end":{"line":21,"column":92}},"14":{"start":{"line":23,"column":2},"end":{"line":23,"column":null}},"15":{"start":{"line":25,"column":2},"end":{"line":25,"column":null}},"16":{"start":{"line":31,"column":15},"end":{"line":31,"column":26}},"17":{"start":{"line":33,"column":0},"end":{"line":33,"column":null}}},"fnMap":{"0":{"name":"initUtils","decl":{"start":{"line":18,"column":9},"end":{"line":18,"column":18}},"loc":{"start":{"line":18,"column":18},"end":{"line":26,"column":1}}}},"branchMap":{},"s":{"0":10,"1":10,"2":10,"3":10,"4":10,"5":10,"6":10,"7":10,"8":10,"9":10,"10":10,"11":10,"12":10,"13":10,"14":10,"15":10,"16":10,"17":10},"f":{"0":10},"b":{}}
,"/Users/jarvan/php/git/utils-tools/src/core/date.ts": {"path":"/Users/jarvan/php/git/utils-tools/src/core/date.ts","statementMap":{"0":{"start":{"line":1,"column":0},"end":{"line":1,"column":40}},"1":{"start":{"line":9,"column":14},"end":{"line":9,"column":88}},"2":{"start":{"line":17,"column":28},"end":{"line":72,"column":null}},"3":{"start":{"line":19,"column":4},"end":{"line":19,"column":null}},"4":{"start":{"line":22,"column":4},"end":{"line":22,"column":null}},"5":{"start":{"line":25,"column":4},"end":{"line":25,"column":null}},"6":{"start":{"line":28,"column":4},"end":{"line":28,"column":null}},"7":{"start":{"line":31,"column":4},"end":{"line":31,"column":null}},"8":{"start":{"line":34,"column":4},"end":{"line":34,"column":null}},"9":{"start":{"line":37,"column":4},"end":{"line":37,"column":null}},"10":{"start":{"line":40,"column":4},"end":{"line":40,"column":null}},"11":{"start":{"line":43,"column":4},"end":{"line":43,"column":null}},"12":{"start":{"line":46,"column":4},"end":{"line":46,"column":null}},"13":{"start":{"line":49,"column":4},"end":{"line":49,"column":null}},"14":{"start":{"line":52,"column":4},"end":{"line":52,"column":null}},"15":{"start":{"line":55,"column":4},"end":{"line":55,"column":null}},"16":{"start":{"line":58,"column":4},"end":{"line":58,"column":null}},"17":{"start":{"line":61,"column":4},"end":{"line":61,"column":null}},"18":{"start":{"line":64,"column":4},"end":{"line":64,"column":null}},"19":{"start":{"line":67,"column":4},"end":{"line":67,"column":null}},"20":{"start":{"line":70,"column":4},"end":{"line":70,"column":null}},"21":{"start":{"line":80,"column":42},"end":{"line":80,"column":null}},"22":{"start":{"line":81,"column":2},"end":{"line":83,"column":null}},"23":{"start":{"line":82,"column":4},"end":{"line":82,"column":null}},"24":{"start":{"line":84,"column":24},"end":{"line":84,"column":39}},"25":{"start":{"line":85,"column":2},"end":{"line":87,"column":null}},"26":{"start":{"line":86,"column":4},"end":{"line":86,"column":null}},"27":{"start":{"line":80,"column":0},"end":{"line":80,"column":16}},"28":{"start":{"line":97,"column":2},"end":{"line":99,"column":null}},"29":{"start":{"line":98,"column":4},"end":{"line":98,"column":null}},"30":{"start":{"line":100,"column":21},"end":{"line":100,"column":36}},"31":{"start":{"line":102,"column":23},"end":{"line":102,"column":41}},"32":{"start":{"line":103,"column":24},"end":{"line":103,"column":43}},"33":{"start":{"line":104,"column":22},"end":{"line":104,"column":36}},"34":{"start":{"line":106,"column":2},"end":{"line":117,"column":null}},"35":{"start":{"line":107,"column":25},"end":{"line":107,"column":40}},"36":{"start":{"line":108,"column":27},"end":{"line":108,"column":44}},"37":{"start":{"line":109,"column":27},"end":{"line":109,"column":44}},"38":{"start":{"line":110,"column":4},"end":{"line":114,"column":null}},"39":{"start":{"line":116,"column":4},"end":{"line":116,"column":null}},"40":{"start":{"line":96,"column":0},"end":{"line":96,"column":16}},"41":{"start":{"line":126,"column":20},"end":{"line":126,"column":null}},"42":{"start":{"line":128,"column":2},"end":{"line":133,"column":null}},"43":{"start":{"line":129,"column":4},"end":{"line":129,"column":null}},"44":{"start":{"line":131,"column":16},"end":{"line":131,"column":61}},"45":{"start":{"line":132,"column":4},"end":{"line":132,"column":null}},"46":{"start":{"line":134,"column":2},"end":{"line":134,"column":null}},"47":{"start":{"line":126,"column":0},"end":{"line":126,"column":16}},"48":{"start":{"line":142,"column":2},"end":{"line":142,"column":null}},"49":{"start":{"line":141,"column":0},"end":{"line":141,"column":16}},"50":{"start":{"line":149,"column":2},"end":{"line":149,"column":null}},"51":{"start":{"line":148,"column":0},"end":{"line":148,"column":16}},"52":{"start":{"line":157,"column":15},"end":{"line":157,"column":19}},"53":{"start":{"line":158,"column":2},"end":{"line":173,"column":null}},"54":{"start":{"line":159,"column":4},"end":{"line":159,"column":null}},"55":{"start":{"line":160,"column":9},"end":{"line":173,"column":null}},"56":{"start":{"line":161,"column":4},"end":{"line":161,"column":null}},"57":{"start":{"line":162,"column":9},"end":{"line":173,"column":null}},"58":{"start":{"line":163,"column":4},"end":{"line":165,"column":null}},"59":{"start":{"line":164,"column":6},"end":{"line":164,"column":null}},"60":{"start":{"line":166,"column":4},"end":{"line":166,"column":null}},"61":{"start":{"line":169,"column":4},"end":{"line":169,"column":null}},"62":{"start":{"line":170,"column":24},"end":{"line":170,"column":56}},"63":{"start":{"line":172,"column":4},"end":{"line":172,"column":null}},"64":{"start":{"line":156,"column":0},"end":{"line":156,"column":16}},"65":{"start":{"line":187,"column":2},"end":{"line":187,"column":null}},"66":{"start":{"line":189,"column":2},"end":{"line":193,"column":null}},"67":{"start":{"line":190,"column":4},"end":{"line":190,"column":null}},"68":{"start":{"line":191,"column":9},"end":{"line":193,"column":null}},"69":{"start":{"line":192,"column":4},"end":{"line":192,"column":null}},"70":{"start":{"line":195,"column":2},"end":{"line":195,"column":null}},"71":{"start":{"line":186,"column":0},"end":{"line":186,"column":16}},"72":{"start":{"line":203,"column":2},"end":{"line":203,"column":null}},"73":{"start":{"line":204,"column":2},"end":{"line":204,"column":19}},"74":{"start":{"line":204,"column":13},"end":{"line":204,"column":19}},"75":{"start":{"line":206,"column":18},"end":{"line":206,"column":63}},"76":{"start":{"line":209,"column":15},"end":{"line":209,"column":29}},"77":{"start":{"line":211,"column":17},"end":{"line":211,"column":93}},"78":{"start":{"line":212,"column":2},"end":{"line":237,"column":null}},"79":{"start":{"line":214,"column":4},"end":{"line":214,"column":null}},"80":{"start":{"line":215,"column":9},"end":{"line":237,"column":null}},"81":{"start":{"line":217,"column":4},"end":{"line":217,"column":null}},"82":{"start":{"line":218,"column":9},"end":{"line":237,"column":null}},"83":{"start":{"line":220,"column":4},"end":{"line":220,"column":null}},"84":{"start":{"line":221,"column":9},"end":{"line":237,"column":null}},"85":{"start":{"line":223,"column":4},"end":{"line":223,"column":null}},"86":{"start":{"line":236,"column":4},"end":{"line":236,"column":null}},"87":{"start":{"line":202,"column":0},"end":{"line":202,"column":16}},"88":{"start":{"line":249,"column":21},"end":{"line":249,"column":55}},"89":{"start":{"line":250,"column":2},"end":{"line":250,"column":null}},"90":{"start":{"line":251,"column":2},"end":{"line":253,"column":null}},"91":{"start":{"line":252,"column":4},"end":{"line":252,"column":null}},"92":{"start":{"line":254,"column":2},"end":{"line":254,"column":null}},"93":{"start":{"line":244,"column":0},"end":{"line":244,"column":16}},"94":{"start":{"line":266,"column":25},"end":{"line":266,"column":59}},"95":{"start":{"line":267,"column":20},"end":{"line":267,"column":40}},"96":{"start":{"line":268,"column":28},"end":{"line":268,"column":49}},"97":{"start":{"line":269,"column":2},"end":{"line":269,"column":null}},"98":{"start":{"line":270,"column":2},"end":{"line":278,"column":null}},"99":{"start":{"line":271,"column":4},"end":{"line":271,"column":null}},"100":{"start":{"line":272,"column":4},"end":{"line":272,"column":null}},"101":{"start":{"line":273,"column":9},"end":{"line":278,"column":null}},"102":{"start":{"line":274,"column":4},"end":{"line":274,"column":null}},"103":{"start":{"line":275,"column":4},"end":{"line":275,"column":null}},"104":{"start":{"line":277,"column":4},"end":{"line":277,"column":null}},"105":{"start":{"line":279,"column":2},"end":{"line":281,"column":null}},"106":{"start":{"line":280,"column":4},"end":{"line":280,"column":null}},"107":{"start":{"line":282,"column":2},"end":{"line":284,"column":null}},"108":{"start":{"line":283,"column":4},"end":{"line":283,"column":null}},"109":{"start":{"line":285,"column":2},"end":{"line":285,"column":null}},"110":{"start":{"line":261,"column":0},"end":{"line":261,"column":16}},"111":{"start":{"line":293,"column":27},"end":{"line":293,"column":61}},"112":{"start":{"line":294,"column":2},"end":{"line":294,"column":null}},"113":{"start":{"line":295,"column":2},"end":{"line":297,"column":null}},"114":{"start":{"line":296,"column":4},"end":{"line":296,"column":null}},"115":{"start":{"line":298,"column":2},"end":{"line":298,"column":null}},"116":{"start":{"line":292,"column":0},"end":{"line":292,"column":16}},"117":{"start":{"line":306,"column":14},"end":{"line":306,"column":26}},"118":{"start":{"line":307,"column":2},"end":{"line":327,"column":null}},"119":{"start":{"line":308,"column":23},"end":{"line":309,"column":null}},"120":{"start":{"line":311,"column":25},"end":{"line":311,"column":43}},"121":{"start":{"line":313,"column":6},"end":{"line":313,"column":82}},"122":{"start":{"line":314,"column":33},"end":{"line":314,"column":92}},"123":{"start":{"line":315,"column":35},"end":{"line":315,"column":97}},"124":{"start":{"line":317,"column":6},"end":{"line":317,"column":74}},"125":{"start":{"line":318,"column":4},"end":{"line":324,"column":null}},"126":{"start":{"line":326,"column":4},"end":{"line":326,"column":null}},"127":{"start":{"line":305,"column":0},"end":{"line":305,"column":16}},"128":{"start":{"line":334,"column":44},"end":{"line":334,"column":70}},"129":{"start":{"line":335,"column":26},"end":{"line":341,"column":null}},"130":{"start":{"line":342,"column":2},"end":{"line":344,"column":null}},"131":{"start":{"line":343,"column":4},"end":{"line":343,"column":null}},"132":{"start":{"line":345,"column":2},"end":{"line":345,"column":null}},"133":{"start":{"line":333,"column":0},"end":{"line":333,"column":16}},"134":{"start":{"line":353,"column":2},"end":{"line":357,"column":null}},"135":{"start":{"line":354,"column":4},"end":{"line":354,"column":null}},"136":{"start":{"line":356,"column":4},"end":{"line":356,"column":null}},"137":{"start":{"line":352,"column":0},"end":{"line":352,"column":16}},"138":{"start":{"line":365,"column":25},"end":{"line":365,"column":38}},"139":{"start":{"line":366,"column":17},"end":{"line":366,"column":18}},"140":{"start":{"line":367,"column":19},"end":{"line":367,"column":20}},"141":{"start":{"line":368,"column":19},"end":{"line":368,"column":20}},"142":{"start":{"line":369,"column":2},"end":{"line":390,"column":null}},"143":{"start":{"line":371,"column":4},"end":{"line":371,"column":null}},"144":{"start":{"line":372,"column":4},"end":{"line":372,"column":null}},"145":{"start":{"line":373,"column":4},"end":{"line":379,"column":null}},"146":{"start":{"line":375,"column":6},"end":{"line":375,"column":null}},"147":{"start":{"line":376,"column":6},"end":{"line":376,"column":null}},"148":{"start":{"line":378,"column":6},"end":{"line":378,"column":null}},"149":{"start":{"line":381,"column":4},"end":{"line":381,"column":null}},"150":{"start":{"line":382,"column":4},"end":{"line":382,"column":null}},"151":{"start":{"line":383,"column":4},"end":{"line":389,"column":null}},"152":{"start":{"line":385,"column":6},"end":{"line":385,"column":null}},"153":{"start":{"line":386,"column":6},"end":{"line":386,"column":null}},"154":{"start":{"line":388,"column":6},"end":{"line":388,"column":null}},"155":{"start":{"line":391,"column":2},"end":{"line":391,"column":null}},"156":{"start":{"line":364,"column":0},"end":{"line":364,"column":16}}},"fnMap":{"0":{"name":"(anonymous_0)","decl":{"start":{"line":18,"column":5},"end":{"line":18,"column":15}},"loc":{"start":{"line":18,"column":22},"end":{"line":20,"column":3}}},"1":{"name":"(anonymous_1)","decl":{"start":{"line":21,"column":6},"end":{"line":21,"column":16}},"loc":{"start":{"line":21,"column":23},"end":{"line":23,"column":3}}},"2":{"name":"(anonymous_2)","decl":{"start":{"line":24,"column":5},"end":{"line":24,"column":15}},"loc":{"start":{"line":24,"column":22},"end":{"line":26,"column":3}}},"3":{"name":"(anonymous_3)","decl":{"start":{"line":27,"column":6},"end":{"line":27,"column":16}},"loc":{"start":{"line":27,"column":23},"end":{"line":29,"column":3}}},"4":{"name":"(anonymous_4)","decl":{"start":{"line":30,"column":5},"end":{"line":30,"column":15}},"loc":{"start":{"line":30,"column":22},"end":{"line":32,"column":3}}},"5":{"name":"(anonymous_5)","decl":{"start":{"line":33,"column":6},"end":{"line":33,"column":16}},"loc":{"start":{"line":33,"column":23},"end":{"line":35,"column":3}}},"6":{"name":"(anonymous_6)","decl":{"start":{"line":36,"column":6},"end":{"line":36,"column":16}},"loc":{"start":{"line":36,"column":23},"end":{"line":38,"column":3}}},"7":{"name":"(anonymous_7)","decl":{"start":{"line":39,"column":8},"end":{"line":39,"column":18}},"loc":{"start":{"line":39,"column":25},"end":{"line":41,"column":3}}},"8":{"name":"(anonymous_8)","decl":{"start":{"line":42,"column":5},"end":{"line":42,"column":15}},"loc":{"start":{"line":42,"column":22},"end":{"line":44,"column":3}}},"9":{"name":"(anonymous_9)","decl":{"start":{"line":45,"column":6},"end":{"line":45,"column":16}},"loc":{"start":{"line":45,"column":23},"end":{"line":47,"column":3}}},"10":{"name":"(anonymous_10)","decl":{"start":{"line":48,"column":5},"end":{"line":48,"column":15}},"loc":{"start":{"line":48,"column":22},"end":{"line":50,"column":3}}},"11":{"name":"(anonymous_11)","decl":{"start":{"line":51,"column":6},"end":{"line":51,"column":16}},"loc":{"start":{"line":51,"column":23},"end":{"line":53,"column":3}}},"12":{"name":"(anonymous_12)","decl":{"start":{"line":54,"column":5},"end":{"line":54,"column":15}},"loc":{"start":{"line":54,"column":22},"end":{"line":56,"column":3}}},"13":{"name":"(anonymous_13)","decl":{"start":{"line":57,"column":6},"end":{"line":57,"column":16}},"loc":{"start":{"line":57,"column":23},"end":{"line":59,"column":3}}},"14":{"name":"(anonymous_14)","decl":{"start":{"line":60,"column":5},"end":{"line":60,"column":15}},"loc":{"start":{"line":60,"column":22},"end":{"line":62,"column":3}}},"15":{"name":"(anonymous_15)","decl":{"start":{"line":63,"column":6},"end":{"line":63,"column":16}},"loc":{"start":{"line":63,"column":23},"end":{"line":65,"column":3}}},"16":{"name":"(anonymous_16)","decl":{"start":{"line":66,"column":5},"end":{"line":66,"column":15}},"loc":{"start":{"line":66,"column":22},"end":{"line":68,"column":3}}},"17":{"name":"(anonymous_17)","decl":{"start":{"line":69,"column":5},"end":{"line":69,"column":15}},"loc":{"start":{"line":69,"column":22},"end":{"line":71,"column":3}}},"18":{"name":"formatTime","decl":{"start":{"line":80,"column":16},"end":{"line":80,"column":26}},"loc":{"start":{"line":80,"column":72},"end":{"line":88,"column":1}}},"19":{"name":"(anonymous_19)","decl":{"start":{"line":85,"column":31},"end":{"line":85,"column":33}},"loc":{"start":{"line":85,"column":33},"end":{"line":86,"column":6}}},"20":{"name":"formatHourTime","decl":{"start":{"line":96,"column":16},"end":{"line":96,"column":30}},"loc":{"start":{"line":96,"column":63},"end":{"line":118,"column":1}}},"21":{"name":"now","decl":{"start":{"line":126,"column":16},"end":{"line":126,"column":19}},"loc":{"start":{"line":126,"column":32},"end":{"line":135,"column":1}}},"22":{"name":"cloneDate","decl":{"start":{"line":141,"column":16},"end":{"line":141,"column":25}},"loc":{"start":{"line":141,"column":35},"end":{"line":143,"column":1}}},"23":{"name":"timeZone","decl":{"start":{"line":148,"column":16},"end":{"line":148,"column":24}},"loc":{"start":{"line":148,"column":35},"end":{"line":150,"column":1}}},"24":{"name":"formatEffectiveDate","decl":{"start":{"line":156,"column":16},"end":{"line":156,"column":35}},"loc":{"start":{"line":156,"column":46},"end":{"line":174,"column":1}}},"25":{"name":"formatDate","decl":{"start":{"line":186,"column":16},"end":{"line":186,"column":26}},"loc":{"start":{"line":186,"column":53},"end":{"line":196,"column":1}}},"26":{"name":"formatTimeCompare","decl":{"start":{"line":202,"column":16},"end":{"line":202,"column":33}},"loc":{"start":{"line":202,"column":56},"end":{"line":238,"column":1}}},"27":{"name":"getDay","decl":{"start":{"line":244,"column":16},"end":{"line":244,"column":22}},"loc":{"start":{"line":247,"column":15},"end":{"line":255,"column":1}}},"28":{"name":"getMonthDay","decl":{"start":{"line":261,"column":16},"end":{"line":261,"column":27}},"loc":{"start":{"line":264,"column":15},"end":{"line":286,"column":1}}},"29":{"name":"getYearDay","decl":{"start":{"line":292,"column":16},"end":{"line":292,"column":26}},"loc":{"start":{"line":292,"column":82},"end":{"line":299,"column":1}}},"30":{"name":"timestampToTime","decl":{"start":{"line":305,"column":16},"end":{"line":305,"column":31}},"loc":{"start":{"line":305,"column":47},"end":{"line":328,"column":1}}},"31":{"name":"timestampToTimeString","decl":{"start":{"line":333,"column":16},"end":{"line":333,"column":37}},"loc":{"start":{"line":333,"column":78},"end":{"line":346,"column":1}}},"32":{"name":"(anonymous_32)","decl":{"start":{"line":342,"column":53},"end":{"line":342,"column":61}},"loc":{"start":{"line":342,"column":61},"end":{"line":344,"column":3}}},"33":{"name":"timeToTimestamp","decl":{"start":{"line":352,"column":16},"end":{"line":352,"column":31}},"loc":{"start":{"line":352,"column":44},"end":{"line":358,"column":1}}},"34":{"name":"formatSecond","decl":{"start":{"line":364,"column":16},"end":{"line":364,"column":28}},"loc":{"start":{"line":364,"column":38},"end":{"line":392,"column":1}}}},"branchMap":{"0":{"loc":{"start":{"line":43,"column":11},"end":{"line":43,"column":34}},"type":"binary-expr","locations":[{"start":{"line":43,"column":11},"end":{"line":43,"column":34}},{"start":{"line":43,"column":38},"end":{"line":43,"column":40}}]},"1":{"loc":{"start":{"line":46,"column":25},"end":{"line":46,"column":48}},"type":"binary-expr","locations":[{"start":{"line":46,"column":25},"end":{"line":46,"column":48}},{"start":{"line":46,"column":52},"end":{"line":46,"column":54}}]},"2":{"loc":{"start":{"line":67,"column":37},"end":{"line":67,"column":41}},"type":"cond-expr","locations":[{"start":{"line":67,"column":37},"end":{"line":67,"column":41}},{"start":{"line":67,"column":44},"end":{"line":67,"column":48}}]},"3":{"loc":{"start":{"line":70,"column":37},"end":{"line":70,"column":41}},"type":"cond-expr","locations":[{"start":{"line":70,"column":37},"end":{"line":70,"column":41}},{"start":{"line":70,"column":44},"end":{"line":70,"column":48}}]},"4":{"loc":{"start":{"line":80,"column":42},"end":{"line":80,"column":null}},"type":"if","locations":[{"start":{"line":80,"column":42},"end":{"line":80,"column":null}},{"start":{"line":80,"column":42},"end":{"line":80,"column":null}}]},"5":{"loc":{"start":{"line":81,"column":2},"end":{"line":83,"column":null}},"type":"if","locations":[{"start":{"line":81,"column":2},"end":{"line":83,"column":null}},{"start":{"line":81,"column":2},"end":{"line":83,"column":null}}]},"6":{"loc":{"start":{"line":86,"column":24},"end":{"line":86,"column":48}},"type":"cond-expr","locations":[{"start":{"line":86,"column":24},"end":{"line":86,"column":48}},{"start":{"line":86,"column":51},"end":{"line":86,"column":77}}]},"7":{"loc":{"start":{"line":97,"column":2},"end":{"line":99,"column":null}},"type":"if","locations":[{"start":{"line":97,"column":2},"end":{"line":99,"column":null}},{"start":{"line":97,"column":2},"end":{"line":99,"column":null}}]},"8":{"loc":{"start":{"line":106,"column":2},"end":{"line":117,"column":null}},"type":"if","locations":[{"start":{"line":106,"column":2},"end":{"line":117,"column":null}},{"start":{"line":106,"column":2},"end":{"line":117,"column":null}}]},"9":{"loc":{"start":{"line":126,"column":20},"end":{"line":126,"column":null}},"type":"if","locations":[{"start":{"line":126,"column":20},"end":{"line":126,"column":null}},{"start":{"line":126,"column":20},"end":{"line":126,"column":null}}]},"10":{"loc":{"start":{"line":128,"column":2},"end":{"line":133,"column":null}},"type":"if","locations":[{"start":{"line":128,"column":2},"end":{"line":133,"column":null}},{"start":{"line":128,"column":2},"end":{"line":133,"column":null}}]},"11":{"loc":{"start":{"line":158,"column":2},"end":{"line":173,"column":null}},"type":"if","locations":[{"start":{"line":158,"column":2},"end":{"line":173,"column":null}},{"start":{"line":158,"column":2},"end":{"line":173,"column":null}}]},"12":{"loc":{"start":{"line":160,"column":9},"end":{"line":173,"column":null}},"type":"if","locations":[{"start":{"line":160,"column":9},"end":{"line":173,"column":null}},{"start":{"line":160,"column":9},"end":{"line":173,"column":null}}]},"13":{"loc":{"start":{"line":161,"column":22},"end":{"line":161,"column":32}},"type":"cond-expr","locations":[{"start":{"line":161,"column":22},"end":{"line":161,"column":32}},{"start":{"line":161,"column":35},"end":{"line":161,"column":47}}]},"14":{"loc":{"start":{"line":162,"column":9},"end":{"line":173,"column":null}},"type":"if","locations":[{"start":{"line":162,"column":9},"end":{"line":173,"column":null}},{"start":{"line":162,"column":9},"end":{"line":173,"column":null}}]},"15":{"loc":{"start":{"line":163,"column":4},"end":{"line":165,"column":null}},"type":"if","locations":[{"start":{"line":163,"column":4},"end":{"line":165,"column":null}},{"start":{"line":163,"column":4},"end":{"line":165,"column":null}}]},"16":{"loc":{"start":{"line":166,"column":40},"end":{"line":166,"column":51}},"type":"cond-expr","locations":[{"start":{"line":166,"column":40},"end":{"line":166,"column":51}},{"start":{"line":166,"column":54},"end":{"line":166,"column":64}}]},"17":{"loc":{"start":{"line":172,"column":47},"end":{"line":172,"column":48}},"type":"cond-expr","locations":[{"start":{"line":172,"column":47},"end":{"line":172,"column":48}},{"start":{"line":172,"column":51},"end":{"line":172,"column":61}}]},"18":{"loc":{"start":{"line":172,"column":11},"end":{"line":172,"column":22}},"type":"binary-expr","locations":[{"start":{"line":172,"column":11},"end":{"line":172,"column":22}},{"start":{"line":172,"column":26},"end":{"line":172,"column":44}}]},"19":{"loc":{"start":{"line":189,"column":2},"end":{"line":193,"column":null}},"type":"if","locations":[{"start":{"line":189,"column":2},"end":{"line":193,"column":null}},{"start":{"line":189,"column":2},"end":{"line":193,"column":null}}]},"20":{"loc":{"start":{"line":191,"column":9},"end":{"line":193,"column":null}},"type":"if","locations":[{"start":{"line":191,"column":9},"end":{"line":193,"column":null}},{"start":{"line":191,"column":9},"end":{"line":193,"column":null}}]},"21":{"loc":{"start":{"line":204,"column":2},"end":{"line":204,"column":19}},"type":"if","locations":[{"start":{"line":204,"column":2},"end":{"line":204,"column":19}},{"start":{"line":204,"column":2},"end":{"line":204,"column":19}}]},"22":{"loc":{"start":{"line":212,"column":2},"end":{"line":237,"column":null}},"type":"if","locations":[{"start":{"line":212,"column":2},"end":{"line":237,"column":null}},{"start":{"line":212,"column":2},"end":{"line":237,"column":null}}]},"23":{"loc":{"start":{"line":215,"column":9},"end":{"line":237,"column":null}},"type":"if","locations":[{"start":{"line":215,"column":9},"end":{"line":237,"column":null}},{"start":{"line":215,"column":9},"end":{"line":237,"column":null}}]},"24":{"loc":{"start":{"line":215,"column":13},"end":{"line":215,"column":21}},"type":"binary-expr","locations":[{"start":{"line":215,"column":13},"end":{"line":215,"column":21}},{"start":{"line":215,"column":25},"end":{"line":215,"column":57}}]},"25":{"loc":{"start":{"line":218,"column":9},"end":{"line":237,"column":null}},"type":"if","locations":[{"start":{"line":218,"column":9},"end":{"line":237,"column":null}},{"start":{"line":218,"column":9},"end":{"line":237,"column":null}}]},"26":{"loc":{"start":{"line":218,"column":13},"end":{"line":218,"column":21}},"type":"binary-expr","locations":[{"start":{"line":218,"column":13},"end":{"line":218,"column":21}},{"start":{"line":218,"column":25},"end":{"line":218,"column":58}}]},"27":{"loc":{"start":{"line":221,"column":9},"end":{"line":237,"column":null}},"type":"if","locations":[{"start":{"line":221,"column":9},"end":{"line":237,"column":null}},{"start":{"line":221,"column":9},"end":{"line":237,"column":null}}]},"28":{"loc":{"start":{"line":251,"column":2},"end":{"line":253,"column":null}},"type":"if","locations":[{"start":{"line":251,"column":2},"end":{"line":253,"column":null}},{"start":{"line":251,"column":2},"end":{"line":253,"column":null}}]},"29":{"loc":{"start":{"line":270,"column":2},"end":{"line":278,"column":null}},"type":"if","locations":[{"start":{"line":270,"column":2},"end":{"line":278,"column":null}},{"start":{"line":270,"column":2},"end":{"line":278,"column":null}}]},"30":{"loc":{"start":{"line":273,"column":9},"end":{"line":278,"column":null}},"type":"if","locations":[{"start":{"line":273,"column":9},"end":{"line":278,"column":null}},{"start":{"line":273,"column":9},"end":{"line":278,"column":null}}]},"31":{"loc":{"start":{"line":279,"column":2},"end":{"line":281,"column":null}},"type":"if","locations":[{"start":{"line":279,"column":2},"end":{"line":281,"column":null}},{"start":{"line":279,"column":2},"end":{"line":281,"column":null}}]},"32":{"loc":{"start":{"line":282,"column":2},"end":{"line":284,"column":null}},"type":"if","locations":[{"start":{"line":282,"column":2},"end":{"line":284,"column":null}},{"start":{"line":282,"column":2},"end":{"line":284,"column":null}}]},"33":{"loc":{"start":{"line":295,"column":2},"end":{"line":297,"column":null}},"type":"if","locations":[{"start":{"line":295,"column":2},"end":{"line":297,"column":null}},{"start":{"line":295,"column":2},"end":{"line":297,"column":null}}]},"34":{"loc":{"start":{"line":307,"column":2},"end":{"line":327,"column":null}},"type":"if","locations":[{"start":{"line":307,"column":2},"end":{"line":327,"column":null}},{"start":{"line":307,"column":2},"end":{"line":327,"column":null}}]},"35":{"loc":{"start":{"line":309,"column":40},"end":{"line":309,"column":57}},"type":"cond-expr","locations":[{"start":{"line":309,"column":40},"end":{"line":309,"column":57}},{"start":{"line":309,"column":60},"end":{"line":309,"column":84}}]},"36":{"loc":{"start":{"line":313,"column":33},"end":{"line":313,"column":60}},"type":"cond-expr","locations":[{"start":{"line":313,"column":33},"end":{"line":313,"column":60}},{"start":{"line":313,"column":63},"end":{"line":313,"column":82}}]},"37":{"loc":{"start":{"line":314,"column":55},"end":{"line":314,"column":75}},"type":"cond-expr","locations":[{"start":{"line":314,"column":55},"end":{"line":314,"column":75}},{"start":{"line":314,"column":78},"end":{"line":314,"column":92}}]},"38":{"loc":{"start":{"line":315,"column":58},"end":{"line":315,"column":79}},"type":"cond-expr","locations":[{"start":{"line":315,"column":58},"end":{"line":315,"column":79}},{"start":{"line":315,"column":82},"end":{"line":315,"column":97}}]},"39":{"loc":{"start":{"line":317,"column":31},"end":{"line":317,"column":54}},"type":"cond-expr","locations":[{"start":{"line":317,"column":31},"end":{"line":317,"column":54}},{"start":{"line":317,"column":57},"end":{"line":317,"column":74}}]},"40":{"loc":{"start":{"line":353,"column":2},"end":{"line":357,"column":null}},"type":"if","locations":[{"start":{"line":353,"column":2},"end":{"line":357,"column":null}},{"start":{"line":353,"column":2},"end":{"line":357,"column":null}}]},"41":{"loc":{"start":{"line":369,"column":2},"end":{"line":390,"column":null}},"type":"if","locations":[{"start":{"line":369,"column":2},"end":{"line":390,"column":null}},{"start":{"line":369,"column":2},"end":{"line":390,"column":null}}]},"42":{"loc":{"start":{"line":373,"column":4},"end":{"line":379,"column":null}},"type":"if","locations":[{"start":{"line":373,"column":4},"end":{"line":379,"column":null}},{"start":{"line":373,"column":4},"end":{"line":379,"column":null}}]},"43":{"loc":{"start":{"line":383,"column":4},"end":{"line":389,"column":null}},"type":"if","locations":[{"start":{"line":383,"column":4},"end":{"line":389,"column":null}},{"start":{"line":383,"column":4},"end":{"line":389,"column":null}}]}},"s":{"0":10,"1":10,"2":10,"3":1,"4":1,"5":8,"6":3,"7":9,"8":4,"9":1,"10":13,"11":7,"12":5,"13":2,"14":4,"15":7,"16":7,"17":7,"18":7,"19":2,"20":2,"21":24,"22":22,"23":15,"24":22,"25":22,"26":92,"27":10,"28":4,"29":2,"30":4,"31":4,"32":4,"33":4,"34":4,"35":2,"36":2,"37":2,"38":2,"39":2,"40":10,"41":3,"42":2,"43":1,"44":1,"45":1,"46":2,"47":10,"48":14,"49":10,"50":26,"51":10,"52":42,"53":42,"54":2,"55":40,"56":14,"57":26,"58":11,"59":10,"60":11,"61":15,"62":15,"63":15,"64":10,"65":21,"66":21,"67":11,"68":10,"69":3,"70":7,"71":10,"72":9,"73":9,"74":1,"75":8,"76":8,"77":8,"78":8,"79":1,"80":7,"81":1,"82":6,"83":1,"84":5,"85":2,"86":3,"87":10,"88":2,"89":2,"90":2,"91":1,"92":1,"93":10,"94":5,"95":5,"96":5,"97":5,"98":5,"99":3,"100":3,"101":2,"102":1,"103":1,"104":1,"105":5,"106":1,"107":5,"108":1,"109":4,"110":10,"111":2,"112":2,"113":2,"114":1,"115":1,"116":10,"117":7,"118":7,"119":6,"120":6,"121":6,"122":6,"123":6,"124":6,"125":6,"126":1,"127":10,"128":2,"129":2,"130":2,"131":8,"132":2,"133":10,"134":3,"135":1,"136":2,"137":10,"138":16,"139":16,"140":16,"141":16,"142":16,"143":12,"144":12,"145":12,"146":10,"147":10,"148":2,"149":4,"150":4,"151":4,"152":2,"153":2,"154":2,"155":16,"156":10},"f":{"0":1,"1":1,"2":8,"3":3,"4":9,"5":4,"6":1,"7":13,"8":7,"9":5,"10":2,"11":4,"12":7,"13":7,"14":7,"15":7,"16":2,"17":2,"18":22,"19":92,"20":4,"21":2,"22":14,"23":26,"24":42,"25":21,"26":9,"27":2,"28":5,"29":2,"30":7,"31":2,"32":8,"33":3,"34":16},"b":{"0":[7,1],"1":[5,1],"2":[1,1],"3":[1,1],"4":[2,20],"5":[15,7],"6":[90,2],"7":[2,2],"8":[2,2],"9":[1,1],"10":[1,1],"11":[2,40],"12":[14,26],"13":[1,13],"14":[11,15],"15":[10,1],"16":[10,1],"17":[14,1],"18":[15,15],"19":[11,10],"20":[3,7],"21":[1,8],"22":[1,7],"23":[1,6],"24":[7,5],"25":[1,5],"26":[6,4],"27":[2,3],"28":[1,1],"29":[3,2],"30":[1,1],"31":[1,4],"32":[1,4],"33":[1,1],"34":[6,1],"35":[5,1],"36":[5,1],"37":[1,5],"38":[5,1],"39":[5,1],"40":[1,2],"41":[12,4],"42":[10,2],"43":[2,2]}}
,"/Users/jarvan/php/git/utils-tools/src/core/format.ts": {"path":"/Users/jarvan/php/git/utils-tools/src/core/format.ts","statementMap":{"0":{"start":{"line":1,"column":0},"end":{"line":1,"column":67}},"1":{"start":{"line":9,"column":12},"end":{"line":9,"column":14}},"2":{"start":{"line":10,"column":2},"end":{"line":14,"column":null}},"3":{"start":{"line":11,"column":4},"end":{"line":11,"column":null}},"4":{"start":{"line":13,"column":4},"end":{"line":13,"column":null}},"5":{"start":{"line":15,"column":2},"end":{"line":15,"column":null}},"6":{"start":{"line":8,"column":0},"end":{"line":8,"column":16}},"7":{"start":{"line":25,"column":2},"end":{"line":25,"column":null}},"8":{"start":{"line":24,"column":0},"end":{"line":24,"column":16}},"9":{"start":{"line":34,"column":36},"end":{"line":34,"column":null}},"10":{"start":{"line":35,"column":2},"end":{"line":35,"column":null}},"11":{"start":{"line":34,"column":0},"end":{"line":34,"column":16}},"12":{"start":{"line":44,"column":28},"end":{"line":44,"column":null}},"13":{"start":{"line":45,"column":15},"end":{"line":45,"column":18}},"14":{"start":{"line":46,"column":27},"end":{"line":46,"column":45}},"15":{"start":{"line":47,"column":14},"end":{"line":47,"column":79}},"16":{"start":{"line":48,"column":2},"end":{"line":56,"column":null}},"17":{"start":{"line":57,"column":2},"end":{"line":57,"column":null}},"18":{"start":{"line":44,"column":0},"end":{"line":44,"column":16}},"19":{"start":{"line":67,"column":2},"end":{"line":67,"column":null}},"20":{"start":{"line":67,"column":27},"end":{"line":67,"column":null}},"21":{"start":{"line":68,"column":2},"end":{"line":68,"column":null}},"22":{"start":{"line":66,"column":0},"end":{"line":66,"column":16}},"23":{"start":{"line":78,"column":2},"end":{"line":78,"column":null}},"24":{"start":{"line":78,"column":43},"end":{"line":78,"column":null}},"25":{"start":{"line":80,"column":24},"end":{"line":80,"column":40}},"26":{"start":{"line":84,"column":6},"end":{"line":84,"column":8}},"27":{"start":{"line":86,"column":10},"end":{"line":86,"column":11}},"28":{"start":{"line":88,"column":2},"end":{"line":94,"column":null}},"29":{"start":{"line":89,"column":4},"end":{"line":92,"column":null}},"30":{"start":{"line":90,"column":18},"end":{"line":90,"column":35}},"31":{"start":{"line":91,"column":6},"end":{"line":91,"column":null}},"32":{"start":{"line":93,"column":4},"end":{"line":93,"column":null}},"33":{"start":{"line":96,"column":2},"end":{"line":96,"column":null}},"34":{"start":{"line":77,"column":0},"end":{"line":77,"column":16}},"35":{"start":{"line":106,"column":2},"end":{"line":106,"column":null}},"36":{"start":{"line":106,"column":30},"end":{"line":106,"column":null}},"37":{"start":{"line":108,"column":12},"end":{"line":108,"column":14}},"38":{"start":{"line":110,"column":25},"end":{"line":110,"column":44}},"39":{"start":{"line":112,"column":2},"end":{"line":122,"column":null}},"40":{"start":{"line":112,"column":15},"end":{"line":112,"column":16}},"41":{"start":{"line":113,"column":4},"end":{"line":115,"column":null}},"42":{"start":{"line":114,"column":6},"end":{"line":114,"column":14}},"43":{"start":{"line":117,"column":4},"end":{"line":121,"column":null}},"44":{"start":{"line":118,"column":6},"end":{"line":118,"column":null}},"45":{"start":{"line":120,"column":6},"end":{"line":120,"column":null}},"46":{"start":{"line":124,"column":2},"end":{"line":124,"column":null}},"47":{"start":{"line":105,"column":0},"end":{"line":105,"column":16}},"48":{"start":{"line":132,"column":2},"end":{"line":142,"column":null}},"49":{"start":{"line":131,"column":0},"end":{"line":131,"column":16}}},"fnMap":{"0":{"name":"formatAddZero","decl":{"start":{"line":8,"column":16},"end":{"line":8,"column":29}},"loc":{"start":{"line":8,"column":52},"end":{"line":16,"column":1}}},"1":{"name":"dstMobile","decl":{"start":{"line":24,"column":16},"end":{"line":24,"column":25}},"loc":{"start":{"line":24,"column":40},"end":{"line":26,"column":1}}},"2":{"name":"random","decl":{"start":{"line":34,"column":16},"end":{"line":34,"column":22}},"loc":{"start":{"line":34,"column":43},"end":{"line":36,"column":1}}},"3":{"name":"creatMobile","decl":{"start":{"line":44,"column":16},"end":{"line":44,"column":27}},"loc":{"start":{"line":44,"column":39},"end":{"line":58,"column":1}}},"4":{"name":"formatPhone","decl":{"start":{"line":66,"column":16},"end":{"line":66,"column":27}},"loc":{"start":{"line":66,"column":41},"end":{"line":69,"column":1}}},"5":{"name":"parseParams","decl":{"start":{"line":77,"column":16},"end":{"line":77,"column":27}},"loc":{"start":{"line":77,"column":41},"end":{"line":97,"column":1}}},"6":{"name":"formatParams","decl":{"start":{"line":105,"column":16},"end":{"line":105,"column":28}},"loc":{"start":{"line":105,"column":40},"end":{"line":125,"column":1}}},"7":{"name":"hexToRgba","decl":{"start":{"line":131,"column":16},"end":{"line":131,"column":25}},"loc":{"start":{"line":131,"column":64},"end":{"line":143,"column":1}}}},"branchMap":{"0":{"loc":{"start":{"line":10,"column":2},"end":{"line":14,"column":null}},"type":"if","locations":[{"start":{"line":10,"column":2},"end":{"line":14,"column":null}},{"start":{"line":10,"column":2},"end":{"line":14,"column":null}}]},"1":{"loc":{"start":{"line":15,"column":18},"end":{"line":15,"column":21}},"type":"cond-expr","locations":[{"start":{"line":15,"column":18},"end":{"line":15,"column":21}},{"start":{"line":15,"column":24},"end":{"line":15,"column":33}}]},"2":{"loc":{"start":{"line":34,"column":36},"end":{"line":34,"column":null}},"type":"if","locations":[{"start":{"line":34,"column":36},"end":{"line":34,"column":null}},{"start":{"line":34,"column":36},"end":{"line":34,"column":null}}]},"3":{"loc":{"start":{"line":44,"column":28},"end":{"line":44,"column":null}},"type":"if","locations":[{"start":{"line":44,"column":28},"end":{"line":44,"column":null}},{"start":{"line":44,"column":28},"end":{"line":44,"column":null}}]},"4":{"loc":{"start":{"line":47,"column":20},"end":{"line":47,"column":26}},"type":"cond-expr","locations":[{"start":{"line":47,"column":20},"end":{"line":47,"column":26}},{"start":{"line":47,"column":29},"end":{"line":47,"column":79}}]},"5":{"loc":{"start":{"line":67,"column":2},"end":{"line":67,"column":null}},"type":"if","locations":[{"start":{"line":67,"column":2},"end":{"line":67,"column":null}},{"start":{"line":67,"column":2},"end":{"line":67,"column":null}}]},"6":{"loc":{"start":{"line":78,"column":2},"end":{"line":78,"column":null}},"type":"if","locations":[{"start":{"line":78,"column":2},"end":{"line":78,"column":null}},{"start":{"line":78,"column":2},"end":{"line":78,"column":null}}]},"7":{"loc":{"start":{"line":78,"column":6},"end":{"line":78,"column":12}},"type":"binary-expr","locations":[{"start":{"line":78,"column":6},"end":{"line":78,"column":12}},{"start":{"line":78,"column":16},"end":{"line":78,"column":41}}]},"8":{"loc":{"start":{"line":89,"column":4},"end":{"line":92,"column":null}},"type":"if","locations":[{"start":{"line":89,"column":4},"end":{"line":92,"column":null}},{"start":{"line":89,"column":4},"end":{"line":92,"column":null}}]},"9":{"loc":{"start":{"line":106,"column":2},"end":{"line":106,"column":null}},"type":"if","locations":[{"start":{"line":106,"column":2},"end":{"line":106,"column":null}},{"start":{"line":106,"column":2},"end":{"line":106,"column":null}}]},"10":{"loc":{"start":{"line":113,"column":4},"end":{"line":115,"column":null}},"type":"if","locations":[{"start":{"line":113,"column":4},"end":{"line":115,"column":null}},{"start":{"line":113,"column":4},"end":{"line":115,"column":null}}]},"11":{"loc":{"start":{"line":113,"column":8},"end":{"line":113,"column":31}},"type":"binary-expr","locations":[{"start":{"line":113,"column":8},"end":{"line":113,"column":31}},{"start":{"line":113,"column":35},"end":{"line":113,"column":63}}]},"12":{"loc":{"start":{"line":117,"column":4},"end":{"line":121,"column":null}},"type":"if","locations":[{"start":{"line":117,"column":4},"end":{"line":121,"column":null}},{"start":{"line":117,"column":4},"end":{"line":121,"column":null}}]},"13":{"loc":{"start":{"line":124,"column":22},"end":{"line":124,"column":41}},"type":"cond-expr","locations":[{"start":{"line":124,"column":22},"end":{"line":124,"column":41}},{"start":{"line":124,"column":44},"end":{"line":124,"column":47}}]},"14":{"loc":{"start":{"line":140,"column":5},"end":{"line":140,"column":12}},"type":"binary-expr","locations":[{"start":{"line":140,"column":5},"end":{"line":140,"column":12}},{"start":{"line":140,"column":16},"end":{"line":140,"column":17}}]}},"s":{"0":10,"1":100,"2":100,"3":99,"4":1,"5":100,"6":10,"7":1,"8":10,"9":35,"10":18,"11":10,"12":3,"13":2,"14":2,"15":2,"16":2,"17":2,"18":10,"19":2,"20":1,"21":1,"22":10,"23":5,"24":2,"25":3,"26":3,"27":3,"28":3,"29":9,"30":7,"31":7,"32":9,"33":3,"34":10,"35":4,"36":1,"37":3,"38":3,"39":3,"40":3,"41":7,"42":2,"43":5,"44":1,"45":4,"46":3,"47":10,"48":5,"49":10},"f":{"0":100,"1":1,"2":18,"3":2,"4":2,"5":5,"6":4,"7":5},"b":{"0":[99,1],"1":[32,68],"2":[17,1],"3":[1,1],"4":[1,1],"5":[1,1],"6":[2,3],"7":[5,5],"8":[7,2],"9":[1,3],"10":[2,5],"11":[7,6],"12":[1,4],"13":[2,1],"14":[5,1]}}
,"/Users/jarvan/php/git/utils-tools/src/core/index.ts": {"path":"/Users/jarvan/php/git/utils-tools/src/core/index.ts","statementMap":{"0":{"start":{"line":1,"column":0},"end":{"line":1,"column":30}},"1":{"start":{"line":2,"column":0},"end":{"line":2,"column":39}},"2":{"start":{"line":8,"column":2},"end":{"line":12,"column":null}},"3":{"start":{"line":9,"column":4},"end":{"line":9,"column":null}},"4":{"start":{"line":11,"column":4},"end":{"line":11,"column":null}},"5":{"start":{"line":7,"column":0},"end":{"line":7,"column":16}},"6":{"start":{"line":20,"column":2},"end":{"line":20,"column":null}},"7":{"start":{"line":19,"column":0},"end":{"line":19,"column":16}},"8":{"start":{"line":28,"column":27},"end":{"line":28,"column":51}},"9":{"start":{"line":29,"column":31},"end":{"line":29,"column":55}},"10":{"start":{"line":30,"column":24},"end":{"line":30,"column":61}},"11":{"start":{"line":31,"column":2},"end":{"line":31,"column":null}},"12":{"start":{"line":27,"column":0},"end":{"line":27,"column":16}},"13":{"start":{"line":39,"column":2},"end":{"line":51,"column":null}},"14":{"start":{"line":40,"column":14},"end":{"line":40,"column":15}},"15":{"start":{"line":41,"column":4},"end":{"line":47,"column":null}},"16":{"start":{"line":41,"column":23},"end":{"line":41,"column":26}},"17":{"start":{"line":41,"column":19},"end":{"line":41,"column":23}},"18":{"start":{"line":42,"column":6},"end":{"line":46,"column":null}},"19":{"start":{"line":43,"column":8},"end":{"line":43,"column":null}},"20":{"start":{"line":45,"column":8},"end":{"line":45,"column":null}},"21":{"start":{"line":48,"column":4},"end":{"line":48,"column":null}},"22":{"start":{"line":50,"column":4},"end":{"line":50,"column":null}},"23":{"start":{"line":38,"column":0},"end":{"line":38,"column":16}},"24":{"start":{"line":56,"column":23},"end":{"line":56,"column":54}},"25":{"start":{"line":62,"column":2},"end":{"line":64,"column":null}},"26":{"start":{"line":63,"column":4},"end":{"line":63,"column":null}},"27":{"start":{"line":65,"column":36},"end":{"line":65,"column":74}},"28":{"start":{"line":66,"column":2},"end":{"line":79,"column":null}},"29":{"start":{"line":67,"column":4},"end":{"line":78,"column":null}},"30":{"start":{"line":68,"column":6},"end":{"line":77,"column":null}},"31":{"start":{"line":69,"column":8},"end":{"line":69,"column":null}},"32":{"start":{"line":72,"column":8},"end":{"line":76,"column":null}},"33":{"start":{"line":73,"column":10},"end":{"line":73,"column":null}},"34":{"start":{"line":75,"column":10},"end":{"line":75,"column":null}},"35":{"start":{"line":80,"column":2},"end":{"line":80,"column":null}},"36":{"start":{"line":61,"column":0},"end":{"line":61,"column":16}},"37":{"start":{"line":88,"column":2},"end":{"line":88,"column":null}},"38":{"start":{"line":88,"column":25},"end":{"line":88,"column":36}},"39":{"start":{"line":87,"column":0},"end":{"line":87,"column":16}},"40":{"start":{"line":96,"column":17},"end":{"line":96,"column":28}},"41":{"start":{"line":97,"column":2},"end":{"line":101,"column":null}},"42":{"start":{"line":98,"column":4},"end":{"line":98,"column":10}},"43":{"start":{"line":100,"column":4},"end":{"line":100,"column":null}},"44":{"start":{"line":95,"column":0},"end":{"line":95,"column":16}},"45":{"start":{"line":108,"column":2},"end":{"line":108,"column":null}},"46":{"start":{"line":107,"column":0},"end":{"line":107,"column":16}},"47":{"start":{"line":116,"column":24},"end":{"line":116,"column":26}},"48":{"start":{"line":117,"column":28},"end":{"line":117,"column":30}},"49":{"start":{"line":118,"column":2},"end":{"line":123,"column":null}},"50":{"start":{"line":119,"column":4},"end":{"line":122,"column":null}},"51":{"start":{"line":120,"column":6},"end":{"line":120,"column":null}},"52":{"start":{"line":121,"column":6},"end":{"line":121,"column":null}},"53":{"start":{"line":124,"column":2},"end":{"line":124,"column":null}},"54":{"start":{"line":115,"column":0},"end":{"line":115,"column":16}},"55":{"start":{"line":132,"column":15},"end":{"line":132,"column":35}},"56":{"start":{"line":133,"column":2},"end":{"line":133,"column":null}},"57":{"start":{"line":131,"column":0},"end":{"line":131,"column":16}},"58":{"start":{"line":143,"column":12},"end":{"line":143,"column":31}},"59":{"start":{"line":144,"column":14},"end":{"line":144,"column":56}},"60":{"start":{"line":145,"column":18},"end":{"line":145,"column":70}},"61":{"start":{"line":146,"column":13},"end":{"line":146,"column":32}},"62":{"start":{"line":147,"column":2},"end":{"line":149,"column":null}},"63":{"start":{"line":148,"column":4},"end":{"line":148,"column":null}},"64":{"start":{"line":150,"column":2},"end":{"line":152,"column":null}},"65":{"start":{"line":151,"column":4},"end":{"line":151,"column":null}},"66":{"start":{"line":153,"column":2},"end":{"line":155,"column":null}},"67":{"start":{"line":154,"column":4},"end":{"line":154,"column":null}},"68":{"start":{"line":156,"column":2},"end":{"line":156,"column":null}},"69":{"start":{"line":141,"column":0},"end":{"line":141,"column":16}},"70":{"start":{"line":164,"column":2},"end":{"line":164,"column":null}},"71":{"start":{"line":164,"column":42},"end":{"line":164,"column":null}},"72":{"start":{"line":165,"column":2},"end":{"line":165,"column":null}},"73":{"start":{"line":165,"column":49},"end":{"line":165,"column":null}},"74":{"start":{"line":166,"column":2},"end":{"line":166,"column":null}},"75":{"start":{"line":163,"column":0},"end":{"line":163,"column":16}},"76":{"start":{"line":180,"column":20},"end":{"line":180,"column":57}},"77":{"start":{"line":182,"column":2},"end":{"line":182,"column":null}},"78":{"start":{"line":182,"column":45},"end":{"line":182,"column":null}},"79":{"start":{"line":184,"column":24},"end":{"line":184,"column":39}},"80":{"start":{"line":185,"column":2},"end":{"line":185,"column":null}},"81":{"start":{"line":185,"column":13},"end":{"line":185,"column":null}},"82":{"start":{"line":187,"column":2},"end":{"line":187,"column":null}},"83":{"start":{"line":189,"column":27},"end":{"line":189,"column":98}},"84":{"start":{"line":190,"column":47},"end":{"line":190,"column":75}},"85":{"start":{"line":191,"column":26},"end":{"line":191,"column":54}},"86":{"start":{"line":192,"column":20},"end":{"line":192,"column":69}},"87":{"start":{"line":194,"column":2},"end":{"line":212,"column":null}},"88":{"start":{"line":198,"column":6},"end":{"line":198,"column":null}},"89":{"start":{"line":204,"column":6},"end":{"line":206,"column":null}},"90":{"start":{"line":204,"column":31},"end":{"line":204,"column":56}},"91":{"start":{"line":205,"column":8},"end":{"line":205,"column":null}},"92":{"start":{"line":208,"column":6},"end":{"line":210,"column":null}},"93":{"start":{"line":209,"column":8},"end":{"line":209,"column":null}},"94":{"start":{"line":211,"column":6},"end":{"line":211,"column":null}},"95":{"start":{"line":179,"column":0},"end":{"line":179,"column":16}},"96":{"start":{"line":220,"column":28},"end":{"line":220,"column":54}},"97":{"start":{"line":221,"column":2},"end":{"line":221,"column":null}},"98":{"start":{"line":221,"column":27},"end":{"line":221,"column":64}},"99":{"start":{"line":219,"column":0},"end":{"line":219,"column":16}},"100":{"start":{"line":230,"column":28},"end":{"line":230,"column":54}},"101":{"start":{"line":232,"column":16},"end":{"line":232,"column":78}},"102":{"start":{"line":233,"column":20},"end":{"line":233,"column":37}},"103":{"start":{"line":234,"column":14},"end":{"line":234,"column":32}},"104":{"start":{"line":235,"column":22},"end":{"line":235,"column":62}},"105":{"start":{"line":236,"column":2},"end":{"line":238,"column":null}},"106":{"start":{"line":237,"column":4},"end":{"line":237,"column":null}},"107":{"start":{"line":240,"column":2},"end":{"line":242,"column":null}},"108":{"start":{"line":241,"column":4},"end":{"line":241,"column":null}},"109":{"start":{"line":243,"column":2},"end":{"line":243,"column":null}},"110":{"start":{"line":228,"column":0},"end":{"line":228,"column":16}}},"fnMap":{"0":{"name":"json","decl":{"start":{"line":7,"column":16},"end":{"line":7,"column":20}},"loc":{"start":{"line":7,"column":43},"end":{"line":13,"column":1}}},"1":{"name":"isDingTalk","decl":{"start":{"line":19,"column":16},"end":{"line":19,"column":26}},"loc":{"start":{"line":19,"column":26},"end":{"line":21,"column":1}}},"2":{"name":"isDevEnv","decl":{"start":{"line":27,"column":16},"end":{"line":27,"column":24}},"loc":{"start":{"line":27,"column":24},"end":{"line":32,"column":1}}},"3":{"name":"getByteLen","decl":{"start":{"line":38,"column":16},"end":{"line":38,"column":26}},"loc":{"start":{"line":38,"column":57},"end":{"line":52,"column":1}}},"4":{"name":"deepClone","decl":{"start":{"line":61,"column":16},"end":{"line":61,"column":25}},"loc":{"start":{"line":61,"column":65},"end":{"line":81,"column":1}}},"5":{"name":"getParamValues","decl":{"start":{"line":87,"column":16},"end":{"line":87,"column":30}},"loc":{"start":{"line":87,"column":62},"end":{"line":89,"column":1}}},"6":{"name":"(anonymous_6)","decl":{"start":{"line":88,"column":17},"end":{"line":88,"column":21}},"loc":{"start":{"line":88,"column":21},"end":{"line":88,"column":29}}},"7":{"name":"reverseNum","decl":{"start":{"line":95,"column":16},"end":{"line":95,"column":26}},"loc":{"start":{"line":95,"column":47},"end":{"line":102,"column":1}}},"8":{"name":"getObjectType","decl":{"start":{"line":107,"column":16},"end":{"line":107,"column":29}},"loc":{"start":{"line":107,"column":38},"end":{"line":109,"column":1}}},"9":{"name":"noRepeatArray","decl":{"start":{"line":115,"column":16},"end":{"line":115,"column":29}},"loc":{"start":{"line":115,"column":67},"end":{"line":125,"column":1}}},"10":{"name":"(anonymous_10)","decl":{"start":{"line":118,"column":22},"end":{"line":118,"column":26}},"loc":{"start":{"line":118,"column":26},"end":{"line":123,"column":3}}},"11":{"name":"isOuterLinkEnv","decl":{"start":{"line":131,"column":16},"end":{"line":131,"column":30}},"loc":{"start":{"line":131,"column":30},"end":{"line":134,"column":1}}},"12":{"name":"browser","decl":{"start":{"line":141,"column":16},"end":{"line":141,"column":23}},"loc":{"start":{"line":141,"column":23},"end":{"line":157,"column":1}}},"13":{"name":"isWxImg","decl":{"start":{"line":163,"column":16},"end":{"line":163,"column":23}},"loc":{"start":{"line":163,"column":35},"end":{"line":167,"column":1}}},"14":{"name":"thumbnail","decl":{"start":{"line":179,"column":16},"end":{"line":179,"column":25}},"loc":{"start":{"line":179,"column":77},"end":{"line":213,"column":1}}},"15":{"name":"(anonymous_15)","decl":{"start":{"line":204,"column":26},"end":{"line":204,"column":27}},"loc":{"start":{"line":204,"column":27},"end":{"line":204,"column":37}}},"16":{"name":"envInfo","decl":{"start":{"line":219,"column":16},"end":{"line":219,"column":23}},"loc":{"start":{"line":219,"column":38},"end":{"line":222,"column":1}}},"17":{"name":"(anonymous_17)","decl":{"start":{"line":221,"column":19},"end":{"line":221,"column":23}},"loc":{"start":{"line":221,"column":23},"end":{"line":221,"column":36}}},"18":{"name":"isThirdPC","decl":{"start":{"line":228,"column":16},"end":{"line":228,"column":25}},"loc":{"start":{"line":228,"column":60},"end":{"line":244,"column":1}}}},"branchMap":{"0":{"loc":{"start":{"line":11,"column":11},"end":{"line":11,"column":14}},"type":"binary-expr","locations":[{"start":{"line":11,"column":11},"end":{"line":11,"column":14}},{"start":{"line":11,"column":18},"end":{"line":11,"column":20}}]},"1":{"loc":{"start":{"line":31,"column":9},"end":{"line":31,"column":47}},"type":"binary-expr","locations":[{"start":{"line":31,"column":9},"end":{"line":31,"column":47}},{"start":{"line":31,"column":51},"end":{"line":31,"column":62}},{"start":{"line":31,"column":66},"end":{"line":31,"column":70}}]},"2":{"loc":{"start":{"line":39,"column":2},"end":{"line":51,"column":null}},"type":"if","locations":[{"start":{"line":39,"column":2},"end":{"line":51,"column":null}},{"start":{"line":39,"column":2},"end":{"line":51,"column":null}}]},"3":{"loc":{"start":{"line":39,"column":6},"end":{"line":39,"column":23}},"type":"binary-expr","locations":[{"start":{"line":39,"column":6},"end":{"line":39,"column":23}},{"start":{"line":39,"column":27},"end":{"line":39,"column":39}}]},"4":{"loc":{"start":{"line":42,"column":6},"end":{"line":46,"column":null}},"type":"if","locations":[{"start":{"line":42,"column":6},"end":{"line":46,"column":null}},{"start":{"line":42,"column":6},"end":{"line":46,"column":null}}]},"5":{"loc":{"start":{"line":62,"column":2},"end":{"line":64,"column":null}},"type":"if","locations":[{"start":{"line":62,"column":2},"end":{"line":64,"column":null}},{"start":{"line":62,"column":2},"end":{"line":64,"column":null}}]},"6":{"loc":{"start":{"line":62,"column":6},"end":{"line":62,"column":13}},"type":"binary-expr","locations":[{"start":{"line":62,"column":6},"end":{"line":62,"column":13}},{"start":{"line":62,"column":17},"end":{"line":62,"column":43}}]},"7":{"loc":{"start":{"line":65,"column":67},"end":{"line":65,"column":69}},"type":"cond-expr","locations":[{"start":{"line":65,"column":67},"end":{"line":65,"column":69}},{"start":{"line":65,"column":72},"end":{"line":65,"column":74}}]},"8":{"loc":{"start":{"line":67,"column":4},"end":{"line":78,"column":null}},"type":"if","locations":[{"start":{"line":67,"column":4},"end":{"line":78,"column":null}},{"start":{"line":67,"column":4},"end":{"line":78,"column":null}}]},"9":{"loc":{"start":{"line":68,"column":6},"end":{"line":77,"column":null}},"type":"if","locations":[{"start":{"line":68,"column":6},"end":{"line":77,"column":null}},{"start":{"line":68,"column":6},"end":{"line":77,"column":null}}]},"10":{"loc":{"start":{"line":68,"column":10},"end":{"line":68,"column":22}},"type":"binary-expr","locations":[{"start":{"line":68,"column":10},"end":{"line":68,"column":22}},{"start":{"line":68,"column":26},"end":{"line":68,"column":58}}]},"11":{"loc":{"start":{"line":72,"column":8},"end":{"line":76,"column":null}},"type":"if","locations":[{"start":{"line":72,"column":8},"end":{"line":76,"column":null}},{"start":{"line":72,"column":8},"end":{"line":76,"column":null}}]},"12":{"loc":{"start":{"line":73,"column":57},"end":{"line":73,"column":64}},"type":"cond-expr","locations":[{"start":{"line":73,"column":57},"end":{"line":73,"column":64}},{"start":{"line":73,"column":67},"end":{"line":73,"column":79}}]},"13":{"loc":{"start":{"line":97,"column":2},"end":{"line":101,"column":null}},"type":"if","locations":[{"start":{"line":97,"column":2},"end":{"line":101,"column":null}},{"start":{"line":97,"column":2},"end":{"line":101,"column":null}}]},"14":{"loc":{"start":{"line":119,"column":4},"end":{"line":122,"column":null}},"type":"if","locations":[{"start":{"line":119,"column":4},"end":{"line":122,"column":null}},{"start":{"line":119,"column":4},"end":{"line":122,"column":null}}]},"15":{"loc":{"start":{"line":145,"column":18},"end":{"line":145,"column":43}},"type":"binary-expr","locations":[{"start":{"line":145,"column":18},"end":{"line":145,"column":43}},{"start":{"line":145,"column":47},"end":{"line":145,"column":70}}]},"16":{"loc":{"start":{"line":147,"column":2},"end":{"line":149,"column":null}},"type":"if","locations":[{"start":{"line":147,"column":2},"end":{"line":149,"column":null}},{"start":{"line":147,"column":2},"end":{"line":149,"column":null}}]},"17":{"loc":{"start":{"line":150,"column":2},"end":{"line":152,"column":null}},"type":"if","locations":[{"start":{"line":150,"column":2},"end":{"line":152,"column":null}},{"start":{"line":150,"column":2},"end":{"line":152,"column":null}}]},"18":{"loc":{"start":{"line":153,"column":2},"end":{"line":155,"column":null}},"type":"if","locations":[{"start":{"line":153,"column":2},"end":{"line":155,"column":null}},{"start":{"line":153,"column":2},"end":{"line":155,"column":null}}]},"19":{"loc":{"start":{"line":164,"column":2},"end":{"line":164,"column":null}},"type":"if","locations":[{"start":{"line":164,"column":2},"end":{"line":164,"column":null}},{"start":{"line":164,"column":2},"end":{"line":164,"column":null}}]},"20":{"loc":{"start":{"line":165,"column":2},"end":{"line":165,"column":null}},"type":"if","locations":[{"start":{"line":165,"column":2},"end":{"line":165,"column":null}},{"start":{"line":165,"column":2},"end":{"line":165,"column":null}}]},"21":{"loc":{"start":{"line":180,"column":45},"end":{"line":180,"column":51}},"type":"cond-expr","locations":[{"start":{"line":180,"column":45},"end":{"line":180,"column":51}},{"start":{"line":180,"column":54},"end":{"line":180,"column":57}}]},"22":{"loc":{"start":{"line":180,"column":20},"end":{"line":180,"column":32}},"type":"binary-expr","locations":[{"start":{"line":180,"column":20},"end":{"line":180,"column":32}},{"start":{"line":180,"column":36},"end":{"line":180,"column":42}}]},"23":{"loc":{"start":{"line":182,"column":2},"end":{"line":182,"column":null}},"type":"if","locations":[{"start":{"line":182,"column":2},"end":{"line":182,"column":null}},{"start":{"line":182,"column":2},"end":{"line":182,"column":null}}]},"24":{"loc":{"start":{"line":182,"column":6},"end":{"line":182,"column":13}},"type":"binary-expr","locations":[{"start":{"line":182,"column":6},"end":{"line":182,"column":13}},{"start":{"line":182,"column":17},"end":{"line":182,"column":43}}]},"25":{"loc":{"start":{"line":185,"column":2},"end":{"line":185,"column":null}},"type":"if","locations":[{"start":{"line":185,"column":2},"end":{"line":185,"column":null}},{"start":{"line":185,"column":2},"end":{"line":185,"column":null}}]},"26":{"loc":{"start":{"line":189,"column":27},"end":{"line":189,"column":75}},"type":"binary-expr","locations":[{"start":{"line":189,"column":27},"end":{"line":189,"column":75}},{"start":{"line":189,"column":79},"end":{"line":189,"column":98}}]},"27":{"loc":{"start":{"line":191,"column":26},"end":{"line":191,"column":29}},"type":"binary-expr","locations":[{"start":{"line":191,"column":26},"end":{"line":191,"column":29}},{"start":{"line":191,"column":33},"end":{"line":191,"column":54}}]},"28":{"loc":{"start":{"line":195,"column":4},"end":{"line":195,"column":11}},"type":"switch","locations":[{"start":{"line":195,"column":4},"end":{"line":195,"column":11}},{"start":{"line":196,"column":4},"end":{"line":198,"column":null}},{"start":{"line":199,"column":4},"end":{"line":199,"column":11}},{"start":{"line":200,"column":4},"end":{"line":200,"column":11}},{"start":{"line":201,"column":4},"end":{"line":211,"column":null}}]},"29":{"loc":{"start":{"line":204,"column":6},"end":{"line":206,"column":null}},"type":"if","locations":[{"start":{"line":204,"column":6},"end":{"line":206,"column":null}},{"start":{"line":204,"column":6},"end":{"line":206,"column":null}}]},"30":{"loc":{"start":{"line":208,"column":6},"end":{"line":210,"column":null}},"type":"if","locations":[{"start":{"line":208,"column":6},"end":{"line":210,"column":null}},{"start":{"line":208,"column":6},"end":{"line":210,"column":null}}]},"31":{"loc":{"start":{"line":208,"column":10},"end":{"line":208,"column":15}},"type":"binary-expr","locations":[{"start":{"line":208,"column":10},"end":{"line":208,"column":15}},{"start":{"line":208,"column":19},"end":{"line":208,"column":73}}]},"32":{"loc":{"start":{"line":232,"column":51},"end":{"line":232,"column":66}},"type":"cond-expr","locations":[{"start":{"line":232,"column":51},"end":{"line":232,"column":66}},{"start":{"line":232,"column":69},"end":{"line":232,"column":78}}]},"33":{"loc":{"start":{"line":235,"column":22},"end":{"line":235,"column":56}},"type":"binary-expr","locations":[{"start":{"line":235,"column":22},"end":{"line":235,"column":56}},{"start":{"line":235,"column":60},"end":{"line":235,"column":62}}]},"34":{"loc":{"start":{"line":236,"column":2},"end":{"line":238,"column":null}},"type":"if","locations":[{"start":{"line":236,"column":2},"end":{"line":238,"column":null}},{"start":{"line":236,"column":2},"end":{"line":238,"column":null}}]},"35":{"loc":{"start":{"line":240,"column":2},"end":{"line":242,"column":null}},"type":"if","locations":[{"start":{"line":240,"column":2},"end":{"line":242,"column":null}},{"start":{"line":240,"column":2},"end":{"line":242,"column":null}}]},"36":{"loc":{"start":{"line":240,"column":6},"end":{"line":240,"column":15}},"type":"binary-expr","locations":[{"start":{"line":240,"column":6},"end":{"line":240,"column":15}},{"start":{"line":240,"column":19},"end":{"line":240,"column":41}}]}},"s":{"0":10,"1":10,"2":5,"3":5,"4":2,"5":10,"6":1,"7":10,"8":2,"9":2,"10":2,"11":2,"12":10,"13":3,"14":2,"15":2,"16":4,"17":5,"18":5,"19":3,"20":2,"21":2,"22":1,"23":10,"24":10,"25":10,"26":2,"27":8,"28":8,"29":12,"30":11,"31":3,"32":8,"33":5,"34":3,"35":8,"36":10,"37":1,"38":2,"39":10,"40":3,"41":3,"42":1,"43":2,"44":10,"45":5,"46":10,"47":2,"48":2,"49":2,"50":3,"51":2,"52":2,"53":2,"54":10,"55":1,"56":1,"57":10,"58":4,"59":4,"60":4,"61":4,"62":4,"63":1,"64":3,"65":1,"66":2,"67":1,"68":1,"69":10,"70":9,"71":2,"72":7,"73":2,"74":5,"75":10,"76":8,"77":8,"78":1,"79":7,"80":7,"81":2,"82":5,"83":5,"84":5,"85":5,"86":5,"87":5,"88":2,"89":3,"90":6,"91":1,"92":2,"93":1,"94":2,"95":10,"96":5,"97":5,"98":5,"99":10,"100":7,"101":7,"102":7,"103":7,"104":7,"105":7,"106":2,"107":7,"108":2,"109":7,"110":10},"f":{"0":5,"1":1,"2":2,"3":3,"4":10,"5":1,"6":2,"7":3,"8":5,"9":2,"10":3,"11":1,"12":4,"13":9,"14":8,"15":6,"16":5,"17":5,"18":7},"b":{"0":[2,1],"1":[2,2,2],"2":[2,1],"3":[3,2],"4":[3,2],"5":[2,8],"6":[10,10],"7":[3,5],"8":[11,1],"9":[3,8],"10":[11,7],"11":[5,3],"12":[2,3],"13":[1,2],"14":[2,1],"15":[4,3],"16":[1,3],"17":[1,2],"18":[1,1],"19":[2,7],"20":[2,5],"21":[5,3],"22":[8,5],"23":[1,7],"24":[8,7],"25":[2,5],"26":[5,4],"27":[5,1],"28":[2,2,2,3,3],"29":[1,2],"30":[1,1],"31":[2,2],"32":[2,5],"33":[7,3],"34":[2,5],"35":[2,5],"36":[7,4]}}
,"/Users/jarvan/php/git/utils-tools/src/core/is.ts": {"path":"/Users/jarvan/php/git/utils-tools/src/core/is.ts","statementMap":{"0":{"start":{"line":9,"column":17},"end":{"line":9,"column":42}},"1":{"start":{"line":15,"column":2},"end":{"line":15,"column":null}},"2":{"start":{"line":14,"column":0},"end":{"line":14,"column":16}},"3":{"start":{"line":22,"column":2},"end":{"line":22,"column":null}},"4":{"start":{"line":21,"column":0},"end":{"line":21,"column":16}},"5":{"start":{"line":29,"column":2},"end":{"line":29,"column":null}},"6":{"start":{"line":28,"column":0},"end":{"line":28,"column":16}},"7":{"start":{"line":36,"column":2},"end":{"line":36,"column":null}},"8":{"start":{"line":35,"column":0},"end":{"line":35,"column":16}},"9":{"start":{"line":43,"column":2},"end":{"line":43,"column":null}},"10":{"start":{"line":42,"column":0},"end":{"line":42,"column":16}},"11":{"start":{"line":50,"column":2},"end":{"line":50,"column":null}},"12":{"start":{"line":49,"column":0},"end":{"line":49,"column":16}},"13":{"start":{"line":57,"column":2},"end":{"line":57,"column":null}},"14":{"start":{"line":56,"column":0},"end":{"line":56,"column":16}}},"fnMap":{"0":{"name":"isArray","decl":{"start":{"line":14,"column":16},"end":{"line":14,"column":23}},"loc":{"start":{"line":14,"column":34},"end":{"line":16,"column":1}}},"1":{"name":"isObject","decl":{"start":{"line":21,"column":16},"end":{"line":21,"column":24}},"loc":{"start":{"line":21,"column":35},"end":{"line":23,"column":1}}},"2":{"name":"isPlainObject","decl":{"start":{"line":28,"column":16},"end":{"line":28,"column":29}},"loc":{"start":{"line":28,"column":40},"end":{"line":30,"column":1}}},"3":{"name":"isNum","decl":{"start":{"line":35,"column":16},"end":{"line":35,"column":21}},"loc":{"start":{"line":35,"column":32},"end":{"line":37,"column":1}}},"4":{"name":"isFunc","decl":{"start":{"line":42,"column":16},"end":{"line":42,"column":22}},"loc":{"start":{"line":42,"column":33},"end":{"line":44,"column":1}}},"5":{"name":"isUndefined","decl":{"start":{"line":49,"column":16},"end":{"line":49,"column":27}},"loc":{"start":{"line":49,"column":38},"end":{"line":51,"column":1}}},"6":{"name":"isNull","decl":{"start":{"line":56,"column":16},"end":{"line":56,"column":22}},"loc":{"start":{"line":56,"column":33},"end":{"line":58,"column":1}}}},"branchMap":{"0":{"loc":{"start":{"line":15,"column":9},"end":{"line":15,"column":37}},"type":"binary-expr","locations":[{"start":{"line":15,"column":9},"end":{"line":15,"column":37}},{"start":{"line":15,"column":41},"end":{"line":15,"column":63}}]},"1":{"loc":{"start":{"line":22,"column":9},"end":{"line":22,"column":23}},"type":"binary-expr","locations":[{"start":{"line":22,"column":9},"end":{"line":22,"column":23}},{"start":{"line":22,"column":27},"end":{"line":22,"column":52}}]}},"s":{"0":10,"1":10,"2":10,"3":9,"4":10,"5":9,"6":10,"7":2,"8":10,"9":2,"10":10,"11":8,"12":10,"13":9,"14":10},"f":{"0":10,"1":9,"2":9,"3":2,"4":2,"5":8,"6":9},"b":{"0":[10,10],"1":[9,9]}}
,"/Users/jarvan/php/git/utils-tools/src/core/lodash-tool.ts": {"path":"/Users/jarvan/php/git/utils-tools/src/core/lodash-tool.ts","statementMap":{"0":{"start":{"line":1,"column":0},"end":{"line":1,"column":7}},"1":{"start":{"line":19,"column":2},"end":{"line":1,"column":29}},"2":{"start":{"line":2,"column":0},"end":{"line":2,"column":7}},"3":{"start":{"line":20,"column":2},"end":{"line":2,"column":29}},"4":{"start":{"line":3,"column":0},"end":{"line":3,"column":7}},"5":{"start":{"line":24,"column":2},"end":{"line":3,"column":31}},"6":{"start":{"line":4,"column":0},"end":{"line":4,"column":7}},"7":{"start":{"line":25,"column":2},"end":{"line":4,"column":31}},"8":{"start":{"line":5,"column":0},"end":{"line":5,"column":7}},"9":{"start":{"line":26,"column":2},"end":{"line":5,"column":31}},"10":{"start":{"line":6,"column":0},"end":{"line":6,"column":7}},"11":{"start":{"line":27,"column":2},"end":{"line":6,"column":33}},"12":{"start":{"line":7,"column":0},"end":{"line":7,"column":7}},"13":{"start":{"line":21,"column":2},"end":{"line":7,"column":39}},"14":{"start":{"line":8,"column":0},"end":{"line":8,"column":7}},"15":{"start":{"line":22,"column":2},"end":{"line":8,"column":41}},"16":{"start":{"line":9,"column":0},"end":{"line":9,"column":7}},"17":{"start":{"line":23,"column":2},"end":{"line":9,"column":49}},"18":{"start":{"line":10,"column":0},"end":{"line":10,"column":7}},"19":{"start":{"line":28,"column":2},"end":{"line":10,"column":31}},"20":{"start":{"line":11,"column":0},"end":{"line":11,"column":7}},"21":{"start":{"line":29,"column":2},"end":{"line":11,"column":37}},"22":{"start":{"line":12,"column":0},"end":{"line":12,"column":7}},"23":{"start":{"line":30,"column":2},"end":{"line":12,"column":37}},"24":{"start":{"line":13,"column":0},"end":{"line":13,"column":7}},"25":{"start":{"line":31,"column":2},"end":{"line":13,"column":39}},"26":{"start":{"line":14,"column":0},"end":{"line":14,"column":7}},"27":{"start":{"line":32,"column":2},"end":{"line":14,"column":39}},"28":{"start":{"line":15,"column":0},"end":{"line":15,"column":7}},"29":{"start":{"line":33,"column":2},"end":{"line":15,"column":39}},"30":{"start":{"line":16,"column":0},"end":{"line":16,"column":7}},"31":{"start":{"line":34,"column":2},"end":{"line":16,"column":35}}},"fnMap":{},"branchMap":{},"s":{"0":10,"1":10,"2":10,"3":10,"4":10,"5":10,"6":10,"7":10,"8":10,"9":10,"10":10,"11":10,"12":10,"13":10,"14":10,"15":10,"16":10,"17":10,"18":10,"19":10,"20":10,"21":10,"22":10,"23":10,"24":10,"25":10,"26":10,"27":10,"28":10,"29":10,"30":10,"31":10},"f":{},"b":{}}
,"/Users/jarvan/php/git/utils-tools/src/core/math.ts": {"path":"/Users/jarvan/php/git/utils-tools/src/core/math.ts","statementMap":{"0":{"start":{"line":5,"column":22},"end":{"line":5,"column":23}},"1":{"start":{"line":21,"column":2},"end":{"line":21,"column":null}},"2":{"start":{"line":22,"column":2},"end":{"line":27,"column":null}},"3":{"start":{"line":23,"column":19},"end":{"line":23,"column":72}},"4":{"start":{"line":24,"column":4},"end":{"line":24,"column":null}},"5":{"start":{"line":26,"column":4},"end":{"line":26,"column":null}},"6":{"start":{"line":37,"column":2},"end":{"line":41,"column":null}},"7":{"start":{"line":38,"column":4},"end":{"line":38,"column":null}},"8":{"start":{"line":40,"column":4},"end":{"line":40,"column":null}},"9":{"start":{"line":42,"column":2},"end":{"line":46,"column":null}},"10":{"start":{"line":43,"column":4},"end":{"line":43,"column":null}},"11":{"start":{"line":45,"column":4},"end":{"line":45,"column":null}},"12":{"start":{"line":47,"column":22},"end":{"line":47,"column":29}},"13":{"start":{"line":48,"column":22},"end":{"line":48,"column":29}},"14":{"start":{"line":49,"column":2},"end":{"line":49,"column":null}},"15":{"start":{"line":56,"column":39},"end":{"line":56,"column":null}},"16":{"start":{"line":57,"column":26},"end":{"line":57,"column":47}},"17":{"start":{"line":58,"column":24},"end":{"line":58,"column":70}},"18":{"start":{"line":59,"column":22},"end":{"line":59,"column":50}},"19":{"start":{"line":60,"column":2},"end":{"line":66,"column":null}},"20":{"start":{"line":61,"column":4},"end":{"line":61,"column":null}},"21":{"start":{"line":63,"column":4},"end":{"line":63,"column":null}},"22":{"start":{"line":64,"column":27},"end":{"line":64,"column":48}},"23":{"start":{"line":65,"column":4},"end":{"line":65,"column":null}},"24":{"start":{"line":74,"column":2},"end":{"line":74,"column":null}},"25":{"start":{"line":75,"column":2},"end":{"line":75,"column":null}},"26":{"start":{"line":76,"column":28},"end":{"line":76,"column":56}},"27":{"start":{"line":77,"column":25},"end":{"line":77,"column":74}},"28":{"start":{"line":78,"column":2},"end":{"line":78,"column":null}},"29":{"start":{"line":73,"column":0},"end":{"line":73,"column":16}},"30":{"start":{"line":90,"column":2},"end":{"line":90,"column":null}},"31":{"start":{"line":91,"column":2},"end":{"line":91,"column":null}},"32":{"start":{"line":92,"column":28},"end":{"line":92,"column":56}},"33":{"start":{"line":93,"column":25},"end":{"line":93,"column":74}},"34":{"start":{"line":94,"column":2},"end":{"line":94,"column":null}},"35":{"start":{"line":85,"column":0},"end":{"line":85,"column":16}},"36":{"start":{"line":106,"column":22},"end":{"line":106,"column":50}},"37":{"start":{"line":107,"column":13},"end":{"line":107,"column":71}},"38":{"start":{"line":108,"column":13},"end":{"line":108,"column":71}},"39":{"start":{"line":109,"column":25},"end":{"line":109,"column":40}},"40":{"start":{"line":110,"column":2},"end":{"line":110,"column":null}},"41":{"start":{"line":101,"column":0},"end":{"line":101,"column":16}},"42":{"start":{"line":118,"column":22},"end":{"line":118,"column":50}},"43":{"start":{"line":119,"column":13},"end":{"line":119,"column":71}},"44":{"start":{"line":120,"column":13},"end":{"line":120,"column":71}},"45":{"start":{"line":121,"column":25},"end":{"line":121,"column":40}},"46":{"start":{"line":122,"column":2},"end":{"line":122,"column":null}},"47":{"start":{"line":117,"column":0},"end":{"line":117,"column":16}},"48":{"start":{"line":130,"column":2},"end":{"line":130,"column":null}},"49":{"start":{"line":130,"column":12},"end":{"line":130,"column":null}},"50":{"start":{"line":131,"column":14},"end":{"line":131,"column":28}},"51":{"start":{"line":132,"column":14},"end":{"line":132,"column":43}},"52":{"start":{"line":133,"column":15},"end":{"line":133,"column":44}},"53":{"start":{"line":136,"column":13},"end":{"line":136,"column":15}},"54":{"start":{"line":137,"column":2},"end":{"line":157,"column":null}},"55":{"start":{"line":138,"column":4},"end":{"line":138,"column":null}},"56":{"start":{"line":140,"column":17},"end":{"line":140,"column":54}},"57":{"start":{"line":142,"column":4},"end":{"line":142,"column":null}},"58":{"start":{"line":143,"column":4},"end":{"line":145,"column":null}},"59":{"start":{"line":143,"column":17},"end":{"line":143,"column":18}},"60":{"start":{"line":144,"column":6},"end":{"line":144,"column":null}},"61":{"start":{"line":146,"column":4},"end":{"line":146,"column":null}},"62":{"start":{"line":147,"column":9},"end":{"line":157,"column":null}},"63":{"start":{"line":148,"column":4},"end":{"line":148,"column":null}},"64":{"start":{"line":149,"column":4},"end":{"line":149,"column":null}},"65":{"start":{"line":150,"column":17},"end":{"line":150,"column":54}},"66":{"start":{"line":151,"column":4},"end":{"line":153,"column":null}},"67":{"start":{"line":151,"column":21},"end":{"line":151,"column":22}},"68":{"start":{"line":152,"column":6},"end":{"line":152,"column":null}},"69":{"start":{"line":154,"column":4},"end":{"line":154,"column":null}},"70":{"start":{"line":156,"column":4},"end":{"line":156,"column":null}},"71":{"start":{"line":129,"column":0},"end":{"line":129,"column":16}},"72":{"start":{"line":165,"column":29},"end":{"line":165,"column":66}},"73":{"start":{"line":166,"column":2},"end":{"line":170,"column":null}},"74":{"start":{"line":167,"column":4},"end":{"line":167,"column":null}},"75":{"start":{"line":169,"column":4},"end":{"line":169,"column":null}},"76":{"start":{"line":164,"column":0},"end":{"line":164,"column":16}},"77":{"start":{"line":178,"column":2},"end":{"line":185,"column":null}},"78":{"start":{"line":179,"column":17},"end":{"line":179,"column":28}},"79":{"start":{"line":180,"column":17},"end":{"line":180,"column":35}},"80":{"start":{"line":181,"column":18},"end":{"line":181,"column":36}},"81":{"start":{"line":182,"column":4},"end":{"line":182,"column":null}},"82":{"start":{"line":184,"column":4},"end":{"line":184,"column":null}},"83":{"start":{"line":177,"column":0},"end":{"line":177,"column":16}}},"fnMap":{"0":{"name":"toNonExponential","decl":{"start":{"line":20,"column":9},"end":{"line":20,"column":25}},"loc":{"start":{"line":20,"column":46},"end":{"line":28,"column":1}}},"1":{"name":"formatNumber","decl":{"start":{"line":34,"column":9},"end":{"line":34,"column":21}},"loc":{"start":{"line":34,"column":66},"end":{"line":50,"column":1}}},"2":{"name":"toFixed","decl":{"start":{"line":56,"column":9},"end":{"line":56,"column":16}},"loc":{"start":{"line":56,"column":64},"end":{"line":67,"column":1}}},"3":{"name":"plus","decl":{"start":{"line":73,"column":16},"end":{"line":73,"column":20}},"loc":{"start":{"line":73,"column":77},"end":{"line":79,"column":1}}},"4":{"name":"subtract","decl":{"start":{"line":85,"column":16},"end":{"line":85,"column":24}},"loc":{"start":{"line":88,"column":12},"end":{"line":95,"column":1}}},"5":{"name":"multiply","decl":{"start":{"line":101,"column":16},"end":{"line":101,"column":24}},"loc":{"start":{"line":104,"column":12},"end":{"line":111,"column":1}}},"6":{"name":"divide","decl":{"start":{"line":117,"column":16},"end":{"line":117,"column":22}},"loc":{"start":{"line":117,"column":79},"end":{"line":123,"column":1}}},"7":{"name":"scientificNumber","decl":{"start":{"line":129,"column":16},"end":{"line":129,"column":32}},"loc":{"start":{"line":129,"column":53},"end":{"line":158,"column":1}}},"8":{"name":"formatToNumber","decl":{"start":{"line":164,"column":16},"end":{"line":164,"column":30}},"loc":{"start":{"line":164,"column":51},"end":{"line":171,"column":1}}},"9":{"name":"dealNumber","decl":{"start":{"line":177,"column":16},"end":{"line":177,"column":26}},"loc":{"start":{"line":177,"column":47},"end":{"line":186,"column":1}}}},"branchMap":{"0":{"loc":{"start":{"line":24,"column":36},"end":{"line":24,"column":40}},"type":"binary-expr","locations":[{"start":{"line":24,"column":36},"end":{"line":24,"column":40}},{"start":{"line":24,"column":44},"end":{"line":24,"column":46}}]},"1":{"loc":{"start":{"line":56,"column":39},"end":{"line":56,"column":null}},"type":"if","locations":[{"start":{"line":56,"column":39},"end":{"line":56,"column":null}},{"start":{"line":56,"column":39},"end":{"line":56,"column":null}}]},"2":{"loc":{"start":{"line":59,"column":23},"end":{"line":59,"column":28}},"type":"binary-expr","locations":[{"start":{"line":59,"column":23},"end":{"line":59,"column":28}},{"start":{"line":59,"column":32},"end":{"line":59,"column":44}},{"start":{"line":59,"column":49},"end":{"line":59,"column":50}}]},"3":{"loc":{"start":{"line":60,"column":2},"end":{"line":66,"column":null}},"type":"if","locations":[{"start":{"line":60,"column":2},"end":{"line":66,"column":null}},{"start":{"line":60,"column":2},"end":{"line":66,"column":null}}]},"4":{"loc":{"start":{"line":64,"column":38},"end":{"line":64,"column":41}},"type":"cond-expr","locations":[{"start":{"line":64,"column":38},"end":{"line":64,"column":41}},{"start":{"line":64,"column":44},"end":{"line":64,"column":48}}]},"5":{"loc":{"start":{"line":130,"column":2},"end":{"line":130,"column":null}},"type":"if","locations":[{"start":{"line":130,"column":2},"end":{"line":130,"column":null}},{"start":{"line":130,"column":2},"end":{"line":130,"column":null}}]},"6":{"loc":{"start":{"line":137,"column":2},"end":{"line":157,"column":null}},"type":"if","locations":[{"start":{"line":137,"column":2},"end":{"line":157,"column":null}},{"start":{"line":137,"column":2},"end":{"line":157,"column":null}}]},"7":{"loc":{"start":{"line":140,"column":26},"end":{"line":140,"column":49}},"type":"cond-expr","locations":[{"start":{"line":140,"column":26},"end":{"line":140,"column":49}},{"start":{"line":140,"column":52},"end":{"line":140,"column":54}}]},"8":{"loc":{"start":{"line":142,"column":30},"end":{"line":142,"column":41}},"type":"binary-expr","locations":[{"start":{"line":142,"column":30},"end":{"line":142,"column":41}},{"start":{"line":142,"column":45},"end":{"line":142,"column":46}}]},"9":{"loc":{"start":{"line":147,"column":9},"end":{"line":157,"column":null}},"type":"if","locations":[{"start":{"line":147,"column":9},"end":{"line":157,"column":null}},{"start":{"line":147,"column":9},"end":{"line":157,"column":null}}]},"10":{"loc":{"start":{"line":150,"column":26},"end":{"line":150,"column":49}},"type":"cond-expr","locations":[{"start":{"line":150,"column":26},"end":{"line":150,"column":49}},{"start":{"line":150,"column":52},"end":{"line":150,"column":54}}]},"11":{"loc":{"start":{"line":166,"column":2},"end":{"line":170,"column":null}},"type":"if","locations":[{"start":{"line":166,"column":2},"end":{"line":170,"column":null}},{"start":{"line":166,"column":2},"end":{"line":170,"column":null}}]},"12":{"loc":{"start":{"line":178,"column":2},"end":{"line":185,"column":null}},"type":"if","locations":[{"start":{"line":178,"column":2},"end":{"line":185,"column":null}},{"start":{"line":178,"column":2},"end":{"line":185,"column":null}}]},"13":{"loc":{"start":{"line":182,"column":65},"end":{"line":182,"column":76}},"type":"cond-expr","locations":[{"start":{"line":182,"column":65},"end":{"line":182,"column":76}},{"start":{"line":182,"column":79},"end":{"line":182,"column":81}}]}},"s":{"0":10,"1":100,"2":100,"3":100,"4":100,"5":3,"6":20,"7":20,"8":10,"9":20,"10":20,"11":19,"12":20,"13":20,"14":20,"15":29,"16":20,"17":20,"18":20,"19":20,"20":10,"21":10,"22":10,"23":10,"24":6,"25":6,"26":6,"27":6,"28":6,"29":10,"30":4,"31":4,"32":4,"33":4,"34":4,"35":10,"36":5,"37":5,"38":5,"39":5,"40":5,"41":10,"42":5,"43":5,"44":5,"45":5,"46":5,"47":10,"48":8,"49":2,"50":6,"51":6,"52":6,"53":6,"54":6,"55":2,"56":2,"57":2,"58":2,"59":2,"60":44,"61":2,"62":4,"63":2,"64":2,"65":2,"66":2,"67":2,"68":44,"69":2,"70":2,"71":10,"72":2,"73":2,"74":1,"75":1,"76":10,"77":3,"78":2,"79":2,"80":2,"81":2,"82":1,"83":10},"f":{"0":100,"1":20,"2":20,"3":6,"4":4,"5":5,"6":5,"7":8,"8":2,"9":3},"b":{"0":[100,54],"1":[9,11],"2":[20,10,10],"3":[10,10],"4":[9,1],"5":[2,6],"6":[2,4],"7":[1,1],"8":[2,1],"9":[2,2],"10":[1,1],"11":[1,1],"12":[2,1],"13":[1,1]}}
,"/Users/jarvan/php/git/utils-tools/src/core/method.ts": {"path":"/Users/jarvan/php/git/utils-tools/src/core/method.ts","statementMap":{"0":{"start":{"line":1,"column":0},"end":{"line":1,"column":52}},"1":{"start":{"line":13,"column":34},"end":{"line":13,"column":47}},"2":{"start":{"line":13,"column":47},"end":{"line":13,"column":null}},"3":{"start":{"line":14,"column":2},"end":{"line":14,"column":null}},"4":{"start":{"line":13,"column":0},"end":{"line":13,"column":16}},"5":{"start":{"line":22,"column":29},"end":{"line":22,"column":42}},"6":{"start":{"line":22,"column":42},"end":{"line":22,"column":null}},"7":{"start":{"line":23,"column":2},"end":{"line":26,"column":null}},"8":{"start":{"line":24,"column":4},"end":{"line":24,"column":null}},"9":{"start":{"line":25,"column":4},"end":{"line":25,"column":null}},"10":{"start":{"line":22,"column":0},"end":{"line":22,"column":16}},"11":{"start":{"line":34,"column":34},"end":{"line":34,"column":47}},"12":{"start":{"line":34,"column":47},"end":{"line":34,"column":null}},"13":{"start":{"line":35,"column":2},"end":{"line":35,"column":null}},"14":{"start":{"line":34,"column":0},"end":{"line":34,"column":16}},"15":{"start":{"line":43,"column":29},"end":{"line":43,"column":42}},"16":{"start":{"line":43,"column":42},"end":{"line":43,"column":null}},"17":{"start":{"line":44,"column":2},"end":{"line":47,"column":null}},"18":{"start":{"line":45,"column":4},"end":{"line":45,"column":null}},"19":{"start":{"line":46,"column":4},"end":{"line":46,"column":null}},"20":{"start":{"line":43,"column":0},"end":{"line":43,"column":16}}},"fnMap":{"0":{"name":"debounce","decl":{"start":{"line":13,"column":16},"end":{"line":13,"column":24}},"loc":{"start":{"line":13,"column":58},"end":{"line":15,"column":1}}},"1":{"name":"debounceWrap","decl":{"start":{"line":22,"column":16},"end":{"line":22,"column":28}},"loc":{"start":{"line":22,"column":53},"end":{"line":27,"column":1}}},"2":{"name":"(anonymous_2)","decl":{"start":{"line":23,"column":9},"end":{"line":23,"column":19}},"loc":{"start":{"line":23,"column":83},"end":{"line":26,"column":3}}},"3":{"name":"throttle","decl":{"start":{"line":34,"column":16},"end":{"line":34,"column":24}},"loc":{"start":{"line":34,"column":58},"end":{"line":36,"column":1}}},"4":{"name":"throttleWrap","decl":{"start":{"line":43,"column":16},"end":{"line":43,"column":28}},"loc":{"start":{"line":43,"column":53},"end":{"line":48,"column":1}}},"5":{"name":"(anonymous_5)","decl":{"start":{"line":44,"column":9},"end":{"line":44,"column":19}},"loc":{"start":{"line":44,"column":83},"end":{"line":47,"column":3}}}},"branchMap":{"0":{"loc":{"start":{"line":13,"column":34},"end":{"line":13,"column":47}},"type":"if","locations":[{"start":{"line":13,"column":34},"end":{"line":13,"column":47}},{"start":{"line":13,"column":34},"end":{"line":13,"column":47}}]},"1":{"loc":{"start":{"line":13,"column":47},"end":{"line":13,"column":null}},"type":"if","locations":[{"start":{"line":13,"column":47},"end":{"line":13,"column":null}},{"start":{"line":13,"column":47},"end":{"line":13,"column":null}}]},"2":{"loc":{"start":{"line":22,"column":29},"end":{"line":22,"column":42}},"type":"if","locations":[{"start":{"line":22,"column":29},"end":{"line":22,"column":42}},{"start":{"line":22,"column":29},"end":{"line":22,"column":42}}]},"3":{"loc":{"start":{"line":22,"column":42},"end":{"line":22,"column":null}},"type":"if","locations":[{"start":{"line":22,"column":42},"end":{"line":22,"column":null}},{"start":{"line":22,"column":42},"end":{"line":22,"column":null}}]},"4":{"loc":{"start":{"line":34,"column":34},"end":{"line":34,"column":47}},"type":"if","locations":[{"start":{"line":34,"column":34},"end":{"line":34,"column":47}},{"start":{"line":34,"column":34},"end":{"line":34,"column":47}}]},"5":{"loc":{"start":{"line":34,"column":47},"end":{"line":34,"column":null}},"type":"if","locations":[{"start":{"line":34,"column":47},"end":{"line":34,"column":null}},{"start":{"line":34,"column":47},"end":{"line":34,"column":null}}]},"6":{"loc":{"start":{"line":43,"column":29},"end":{"line":43,"column":42}},"type":"if","locations":[{"start":{"line":43,"column":29},"end":{"line":43,"column":42}},{"start":{"line":43,"column":29},"end":{"line":43,"column":42}}]},"7":{"loc":{"start":{"line":43,"column":42},"end":{"line":43,"column":null}},"type":"if","locations":[{"start":{"line":43,"column":42},"end":{"line":43,"column":null}},{"start":{"line":43,"column":42},"end":{"line":43,"column":null}}]}},"s":{"0":10,"1":12,"2":12,"3":8,"4":10,"5":12,"6":12,"7":8,"8":8,"9":8,"10":10,"11":12,"12":12,"13":8,"14":10,"15":12,"16":12,"17":8,"18":8,"19":8,"20":10},"f":{"0":8,"1":8,"2":8,"3":8,"4":8,"5":8},"b":{"0":[4,4],"1":[4,4],"2":[4,4],"3":[4,4],"4":[4,4],"5":[4,4],"6":[4,4],"7":[4,4]}}
,"/Users/jarvan/php/git/utils-tools/src/core/url.ts": {"path":"/Users/jarvan/php/git/utils-tools/src/core/url.ts","statementMap":{"0":{"start":{"line":8,"column":31},"end":{"line":8,"column":33}},"1":{"start":{"line":9,"column":2},"end":{"line":13,"column":null}},"2":{"start":{"line":9,"column":15},"end":{"line":9,"column":16}},"3":{"start":{"line":10,"column":4},"end":{"line":12,"column":null}},"4":{"start":{"line":11,"column":6},"end":{"line":11,"column":null}},"5":{"start":{"line":14,"column":2},"end":{"line":14,"column":null}},"6":{"start":{"line":7,"column":0},"end":{"line":7,"column":16}},"7":{"start":{"line":24,"column":2},"end":{"line":24,"column":null}},"8":{"start":{"line":24,"column":37},"end":{"line":24,"column":null}},"9":{"start":{"line":25,"column":2},"end":{"line":30,"column":null}},"10":{"start":{"line":27,"column":6},"end":{"line":27,"column":null}},"11":{"start":{"line":27,"column":35},"end":{"line":27,"column":null}},"12":{"start":{"line":28,"column":6},"end":{"line":28,"column":null}},"13":{"start":{"line":23,"column":0},"end":{"line":23,"column":16}},"14":{"start":{"line":47,"column":22},"end":{"line":47,"column":54}},"15":{"start":{"line":48,"column":25},"end":{"line":48,"column":27}},"16":{"start":{"line":50,"column":2},"end":{"line":53,"column":null}},"17":{"start":{"line":52,"column":4},"end":{"line":52,"column":null}},"18":{"start":{"line":54,"column":2},"end":{"line":54,"column":null}},"19":{"start":{"line":46,"column":0},"end":{"line":46,"column":16}}},"fnMap":{"0":{"name":"cleanArray","decl":{"start":{"line":7,"column":16},"end":{"line":7,"column":26}},"loc":{"start":{"line":7,"column":38},"end":{"line":15,"column":1}}},"1":{"name":"param","decl":{"start":{"line":23,"column":16},"end":{"line":23,"column":21}},"loc":{"start":{"line":23,"column":47},"end":{"line":31,"column":1}}},"2":{"name":"(anonymous_2)","decl":{"start":{"line":26,"column":26},"end":{"line":26,"column":29}},"loc":{"start":{"line":26,"column":29},"end":{"line":29,"column":5}}},"3":{"name":"param2Obj","decl":{"start":{"line":46,"column":16},"end":{"line":46,"column":25}},"loc":{"start":{"line":46,"column":40},"end":{"line":55,"column":1}}},"4":{"name":"(anonymous_4)","decl":{"start":{"line":50,"column":55},"end":{"line":50,"column":56}},"loc":{"start":{"line":50,"column":70},"end":{"line":53,"column":3}}}},"branchMap":{"0":{"loc":{"start":{"line":10,"column":4},"end":{"line":12,"column":null}},"type":"if","locations":[{"start":{"line":10,"column":4},"end":{"line":12,"column":null}},{"start":{"line":10,"column":4},"end":{"line":12,"column":null}}]},"1":{"loc":{"start":{"line":24,"column":2},"end":{"line":24,"column":null}},"type":"if","locations":[{"start":{"line":24,"column":2},"end":{"line":24,"column":null}},{"start":{"line":24,"column":2},"end":{"line":24,"column":null}}]},"2":{"loc":{"start":{"line":27,"column":6},"end":{"line":27,"column":null}},"type":"if","locations":[{"start":{"line":27,"column":6},"end":{"line":27,"column":null}},{"start":{"line":27,"column":6},"end":{"line":27,"column":null}}]},"3":{"loc":{"start":{"line":47,"column":22},"end":{"line":47,"column":28}},"type":"binary-expr","locations":[{"start":{"line":47,"column":22},"end":{"line":47,"column":28}},{"start":{"line":47,"column":32},"end":{"line":47,"column":54}}]}},"s":{"0":5,"1":5,"2":5,"3":15,"4":11,"5":5,"6":10,"7":4,"8":1,"9":3,"10":9,"11":2,"12":7,"13":10,"14":4,"15":4,"16":4,"17":5,"18":4,"19":10},"f":{"0":5,"1":4,"2":9,"3":4,"4":5},"b":{"0":[11,4],"1":[1,3],"2":[2,7],"3":[4,1]}}
,"/Users/jarvan/php/git/utils-tools/src/core/uuid.ts": {"path":"/Users/jarvan/php/git/utils-tools/src/core/uuid.ts","statementMap":{"0":{"start":{"line":8,"column":4},"end":{"line":8,"column":null}},"1":{"start":{"line":10,"column":2},"end":{"line":10,"column":null}},"2":{"start":{"line":5,"column":0},"end":{"line":5,"column":16}},"3":{"start":{"line":18,"column":2},"end":{"line":22,"column":null}},"4":{"start":{"line":19,"column":14},"end":{"line":19,"column":38}},"5":{"start":{"line":20,"column":14},"end":{"line":20,"column":45}},"6":{"start":{"line":21,"column":4},"end":{"line":21,"column":null}},"7":{"start":{"line":17,"column":0},"end":{"line":17,"column":16}}},"fnMap":{"0":{"name":"guid","decl":{"start":{"line":5,"column":16},"end":{"line":5,"column":20}},"loc":{"start":{"line":5,"column":20},"end":{"line":11,"column":1}}},"1":{"name":"S4","decl":{"start":{"line":7,"column":11},"end":{"line":7,"column":13}},"loc":{"start":{"line":7,"column":13},"end":{"line":9,"column":3}}},"2":{"name":"getGuid","decl":{"start":{"line":17,"column":16},"end":{"line":17,"column":23}},"loc":{"start":{"line":17,"column":23},"end":{"line":23,"column":1}}},"3":{"name":"(anonymous_3)","decl":{"start":{"line":18,"column":65},"end":{"line":18,"column":66}},"loc":{"start":{"line":18,"column":66},"end":{"line":22,"column":3}}}},"branchMap":{"0":{"loc":{"start":{"line":20,"column":26},"end":{"line":20,"column":27}},"type":"cond-expr","locations":[{"start":{"line":20,"column":26},"end":{"line":20,"column":27}},{"start":{"line":20,"column":30},"end":{"line":20,"column":45}}]}},"s":{"0":16,"1":2,"2":10,"3":1,"4":31,"5":31,"6":31,"7":10},"f":{"0":2,"1":16,"2":1,"3":31},"b":{"0":[30,1]}}
,"/Users/jarvan/php/git/utils-tools/src/core/verify.ts": {"path":"/Users/jarvan/php/git/utils-tools/src/core/verify.ts","statementMap":{"0":{"start":{"line":8,"column":2},"end":{"line":8,"column":null}},"1":{"start":{"line":7,"column":0},"end":{"line":7,"column":16}},"2":{"start":{"line":18,"column":14},"end":{"line":18,"column":33}},"3":{"start":{"line":19,"column":2},"end":{"line":19,"column":null}},"4":{"start":{"line":17,"column":0},"end":{"line":17,"column":16}},"5":{"start":{"line":29,"column":14},"end":{"line":29,"column":23}},"6":{"start":{"line":30,"column":2},"end":{"line":30,"column":null}},"7":{"start":{"line":28,"column":0},"end":{"line":28,"column":16}},"8":{"start":{"line":40,"column":13},"end":{"line":40,"column":164}},"9":{"start":{"line":41,"column":2},"end":{"line":41,"column":null}},"10":{"start":{"line":39,"column":0},"end":{"line":39,"column":16}}},"fnMap":{"0":{"name":"verifyHttp","decl":{"start":{"line":7,"column":16},"end":{"line":7,"column":26}},"loc":{"start":{"line":7,"column":40},"end":{"line":9,"column":1}}},"1":{"name":"verifyMobile","decl":{"start":{"line":17,"column":16},"end":{"line":17,"column":28}},"loc":{"start":{"line":17,"column":43},"end":{"line":20,"column":1}}},"2":{"name":"verifyCode","decl":{"start":{"line":28,"column":16},"end":{"line":28,"column":26}},"loc":{"start":{"line":28,"column":39},"end":{"line":31,"column":1}}},"3":{"name":"verifyEmail","decl":{"start":{"line":39,"column":16},"end":{"line":39,"column":27}},"loc":{"start":{"line":39,"column":41},"end":{"line":42,"column":1}}}},"branchMap":{},"s":{"0":3,"1":10,"2":2,"3":2,"4":10,"5":2,"6":2,"7":10,"8":2,"9":2,"10":10},"f":{"0":3,"1":2,"2":2,"3":2},"b":{}}
,"/Users/jarvan/php/git/utils-tools/src/enum/system.ts": {"path":"/Users/jarvan/php/git/utils-tools/src/enum/system.ts","statementMap":{"0":{"start":{"line":5,"column":0},"end":{"line":5,"column":null}},"1":{"start":{"line":6,"column":2},"end":{"line":6,"column":null}},"2":{"start":{"line":7,"column":2},"end":{"line":7,"column":null}},"3":{"start":{"line":8,"column":2},"end":{"line":8,"column":null}},"4":{"start":{"line":9,"column":2},"end":{"line":9,"column":null}}},"fnMap":{"0":{"name":"(anonymous_0)","decl":{"start":{"line":5,"column":0},"end":{"line":5,"column":12}},"loc":{"start":{"line":5,"column":18},"end":{"line":10,"column":1}}}},"branchMap":{"0":{"loc":{"start":{"line":5,"column":12},"end":{"line":5,"column":18}},"type":"binary-expr","locations":[{"start":{"line":5,"column":12},"end":{"line":5,"column":18}},{"start":{"line":5,"column":12},"end":{"line":5,"column":null}}]}},"s":{"0":10,"1":10,"2":10,"3":10,"4":10},"f":{"0":10},"b":{"0":[10,10]}}
,"/Users/jarvan/php/git/utils-tools/src/tools/index.ts": {"path":"/Users/jarvan/php/git/utils-tools/src/tools/index.ts","statementMap":{"0":{"start":{"line":5,"column":2},"end":{"line":9,"column":null}},"1":{"start":{"line":6,"column":4},"end":{"line":8,"column":null}},"2":{"start":{"line":7,"column":6},"end":{"line":7,"column":null}},"3":{"start":{"line":10,"column":2},"end":{"line":10,"column":null}},"4":{"start":{"line":4,"column":0},"end":{"line":4,"column":16}}},"fnMap":{"0":{"name":"mixin","decl":{"start":{"line":4,"column":16},"end":{"line":4,"column":21}},"loc":{"start":{"line":4,"column":49},"end":{"line":11,"column":1}}},"1":{"name":"(anonymous_1)","decl":{"start":{"line":5,"column":15},"end":{"line":5,"column":18}},"loc":{"start":{"line":5,"column":18},"end":{"line":9,"column":3}}},"2":{"name":"(anonymous_2)","decl":{"start":{"line":6,"column":44},"end":{"line":6,"column":47}},"loc":{"start":{"line":6,"column":47},"end":{"line":8,"column":5}}}},"branchMap":{},"s":{"0":10,"1":100,"2":910,"3":10,"4":10},"f":{"0":10,"1":100,"2":910},"b":{}}
}
