TN:
SF:/Users/jarvan/php/git/utils-tools/src/index.ts
FN:18,initUtils
FNF:1
FNH:1
FNDA:10,initUtils
DA:1,10
DA:2,10
DA:3,10
DA:4,10
DA:5,10
DA:6,10
DA:7,10
DA:8,10
DA:9,10
DA:10,10
DA:12,10
DA:19,10
DA:20,10
DA:21,10
DA:23,10
DA:25,10
DA:31,10
DA:33,10
LF:18
LH:18
BRF:0
BRH:0
end_of_record
TN:
SF:/Users/jarvan/php/git/utils-tools/src/core/date.ts
FN:18,(anonymous_0)
FN:21,(anonymous_1)
FN:24,(anonymous_2)
FN:27,(anonymous_3)
FN:30,(anonymous_4)
FN:33,(anonymous_5)
FN:36,(anonymous_6)
FN:39,(anonymous_7)
FN:42,(anonymous_8)
FN:45,(anonymous_9)
FN:48,(anonymous_10)
FN:51,(anonymous_11)
FN:54,(anonymous_12)
FN:57,(anonymous_13)
FN:60,(anonymous_14)
FN:63,(anonymous_15)
FN:66,(anonymous_16)
FN:69,(anonymous_17)
FN:80,formatTime
FN:85,(anonymous_19)
FN:96,formatHourTime
FN:126,now
FN:141,cloneDate
FN:148,timeZone
FN:156,formatEffectiveDate
FN:186,formatDate
FN:202,formatTimeCompare
FN:244,getDay
FN:261,getMonthDay
FN:292,getYearDay
FN:305,timestampToTime
FN:333,timestampToTimeString
FN:342,(anonymous_32)
FN:352,timeToTimestamp
FN:364,formatSecond
FNF:35
FNH:35
FNDA:1,(anonymous_0)
FNDA:1,(anonymous_1)
FNDA:8,(anonymous_2)
FNDA:3,(anonymous_3)
FNDA:9,(anonymous_4)
FNDA:4,(anonymous_5)
FNDA:1,(anonymous_6)
FNDA:13,(anonymous_7)
FNDA:7,(anonymous_8)
FNDA:5,(anonymous_9)
FNDA:2,(anonymous_10)
FNDA:4,(anonymous_11)
FNDA:7,(anonymous_12)
FNDA:7,(anonymous_13)
FNDA:7,(anonymous_14)
FNDA:7,(anonymous_15)
FNDA:2,(anonymous_16)
FNDA:2,(anonymous_17)
FNDA:22,formatTime
FNDA:92,(anonymous_19)
FNDA:4,formatHourTime
FNDA:2,now
FNDA:14,cloneDate
FNDA:26,timeZone
FNDA:42,formatEffectiveDate
FNDA:21,formatDate
FNDA:9,formatTimeCompare
FNDA:2,getDay
FNDA:5,getMonthDay
FNDA:2,getYearDay
FNDA:7,timestampToTime
FNDA:2,timestampToTimeString
FNDA:8,(anonymous_32)
FNDA:3,timeToTimestamp
FNDA:16,formatSecond
DA:1,10
DA:9,10
DA:17,10
DA:19,1
DA:22,1
DA:25,8
DA:28,3
DA:31,9
DA:34,4
DA:37,1
DA:40,13
DA:43,7
DA:46,5
DA:49,2
DA:52,4
DA:55,7
DA:58,7
DA:61,7
DA:64,7
DA:67,2
DA:70,2
DA:80,24
DA:81,22
DA:82,15
DA:84,22
DA:85,22
DA:86,92
DA:96,10
DA:97,4
DA:98,2
DA:100,4
DA:102,4
DA:103,4
DA:104,4
DA:106,4
DA:107,2
DA:108,2
DA:109,2
DA:110,2
DA:116,2
DA:126,10
DA:128,2
DA:129,1
DA:131,1
DA:132,1
DA:134,2
DA:141,10
DA:142,14
DA:148,10
DA:149,26
DA:156,10
DA:157,42
DA:158,42
DA:159,2
DA:160,40
DA:161,14
DA:162,26
DA:163,11
DA:164,10
DA:166,11
DA:169,15
DA:170,15
DA:172,15
DA:186,10
DA:187,21
DA:189,21
DA:190,11
DA:191,10
DA:192,3
DA:195,7
DA:202,10
DA:203,9
DA:204,9
DA:206,8
DA:209,8
DA:211,8
DA:212,8
DA:214,1
DA:215,7
DA:217,1
DA:218,6
DA:220,1
DA:221,5
DA:223,2
DA:236,3
DA:244,10
DA:249,2
DA:250,2
DA:251,2
DA:252,1
DA:254,1
DA:261,10
DA:266,5
DA:267,5
DA:268,5
DA:269,5
DA:270,5
DA:271,3
DA:272,3
DA:273,2
DA:274,1
DA:275,1
DA:277,1
DA:279,5
DA:280,1
DA:282,5
DA:283,1
DA:285,4
DA:292,10
DA:293,2
DA:294,2
DA:295,2
DA:296,1
DA:298,1
DA:305,10
DA:306,7
DA:307,7
DA:308,6
DA:311,6
DA:313,6
DA:314,6
DA:315,6
DA:317,6
DA:318,6
DA:326,1
DA:333,10
DA:334,2
DA:335,2
DA:342,2
DA:343,8
DA:345,2
DA:352,10
DA:353,3
DA:354,1
DA:356,2
DA:364,10
DA:365,16
DA:366,16
DA:367,16
DA:368,16
DA:369,16
DA:371,12
DA:372,12
DA:373,12
DA:375,10
DA:376,10
DA:378,2
DA:381,4
DA:382,4
DA:383,4
DA:385,2
DA:386,2
DA:388,2
DA:391,16
LF:154
LH:154
BRDA:43,0,0,7
BRDA:43,0,1,1
BRDA:46,1,0,5
BRDA:46,1,1,1
BRDA:67,2,0,1
BRDA:67,2,1,1
BRDA:70,3,0,1
BRDA:70,3,1,1
BRDA:80,4,0,2
BRDA:80,4,1,20
BRDA:81,5,0,15
BRDA:81,5,1,7
BRDA:86,6,0,90
BRDA:86,6,1,2
BRDA:97,7,0,2
BRDA:97,7,1,2
BRDA:106,8,0,2
BRDA:106,8,1,2
BRDA:126,9,0,1
BRDA:126,9,1,1
BRDA:128,10,0,1
BRDA:128,10,1,1
BRDA:158,11,0,2
BRDA:158,11,1,40
BRDA:160,12,0,14
BRDA:160,12,1,26
BRDA:161,13,0,1
BRDA:161,13,1,13
BRDA:162,14,0,11
BRDA:162,14,1,15
BRDA:163,15,0,10
BRDA:163,15,1,1
BRDA:166,16,0,10
BRDA:166,16,1,1
BRDA:172,17,0,14
BRDA:172,17,1,1
BRDA:172,18,0,15
BRDA:172,18,1,15
BRDA:189,19,0,11
BRDA:189,19,1,10
BRDA:191,20,0,3
BRDA:191,20,1,7
BRDA:204,21,0,1
BRDA:204,21,1,8
BRDA:212,22,0,1
BRDA:212,22,1,7
BRDA:215,23,0,1
BRDA:215,23,1,6
BRDA:215,24,0,7
BRDA:215,24,1,5
BRDA:218,25,0,1
BRDA:218,25,1,5
BRDA:218,26,0,6
BRDA:218,26,1,4
BRDA:221,27,0,2
BRDA:221,27,1,3
BRDA:251,28,0,1
BRDA:251,28,1,1
BRDA:270,29,0,3
BRDA:270,29,1,2
BRDA:273,30,0,1
BRDA:273,30,1,1
BRDA:279,31,0,1
BRDA:279,31,1,4
BRDA:282,32,0,1
BRDA:282,32,1,4
BRDA:295,33,0,1
BRDA:295,33,1,1
BRDA:307,34,0,6
BRDA:307,34,1,1
BRDA:309,35,0,5
BRDA:309,35,1,1
BRDA:313,36,0,5
BRDA:313,36,1,1
BRDA:314,37,0,1
BRDA:314,37,1,5
BRDA:315,38,0,5
BRDA:315,38,1,1
BRDA:317,39,0,5
BRDA:317,39,1,1
BRDA:353,40,0,1
BRDA:353,40,1,2
BRDA:369,41,0,12
BRDA:369,41,1,4
BRDA:373,42,0,10
BRDA:373,42,1,2
BRDA:383,43,0,2
BRDA:383,43,1,2
BRF:88
BRH:88
end_of_record
TN:
SF:/Users/jarvan/php/git/utils-tools/src/core/format.ts
FN:8,formatAddZero
FN:24,dstMobile
FN:34,random
FN:44,creatMobile
FN:66,formatPhone
FN:77,parseParams
FN:105,formatParams
FN:131,hexToRgba
FNF:8
FNH:8
FNDA:100,formatAddZero
FNDA:1,dstMobile
FNDA:18,random
FNDA:2,creatMobile
FNDA:2,formatPhone
FNDA:5,parseParams
FNDA:4,formatParams
FNDA:5,hexToRgba
DA:1,10
DA:8,10
DA:9,100
DA:10,100
DA:11,99
DA:13,1
DA:15,100
DA:24,10
DA:25,1
DA:34,35
DA:35,18
DA:44,10
DA:45,2
DA:46,2
DA:47,2
DA:48,2
DA:57,2
DA:66,10
DA:67,2
DA:68,1
DA:77,10
DA:78,5
DA:80,3
DA:84,3
DA:86,3
DA:88,3
DA:89,9
DA:90,7
DA:91,7
DA:93,9
DA:96,3
DA:105,10
DA:106,4
DA:108,3
DA:110,3
DA:112,3
DA:113,7
DA:114,2
DA:117,5
DA:118,1
DA:120,4
DA:124,3
DA:131,10
DA:132,5
LF:44
LH:44
BRDA:10,0,0,99
BRDA:10,0,1,1
BRDA:15,1,0,32
BRDA:15,1,1,68
BRDA:34,2,0,17
BRDA:34,2,1,1
BRDA:44,3,0,1
BRDA:44,3,1,1
BRDA:47,4,0,1
BRDA:47,4,1,1
BRDA:67,5,0,1
BRDA:67,5,1,1
BRDA:78,6,0,2
BRDA:78,6,1,3
BRDA:78,7,0,5
BRDA:78,7,1,5
BRDA:89,8,0,7
BRDA:89,8,1,2
BRDA:106,9,0,1
BRDA:106,9,1,3
BRDA:113,10,0,2
BRDA:113,10,1,5
BRDA:113,11,0,7
BRDA:113,11,1,6
BRDA:117,12,0,1
BRDA:117,12,1,4
BRDA:124,13,0,2
BRDA:124,13,1,1
BRDA:140,14,0,5
BRDA:140,14,1,1
BRF:30
BRH:30
end_of_record
TN:
SF:/Users/jarvan/php/git/utils-tools/src/core/index.ts
FN:7,json
FN:19,isDingTalk
FN:27,isDevEnv
FN:38,getByteLen
FN:61,deepClone
FN:87,getParamValues
FN:88,(anonymous_6)
FN:95,reverseNum
FN:107,getObjectType
FN:115,noRepeatArray
FN:118,(anonymous_10)
FN:131,isOuterLinkEnv
FN:141,browser
FN:163,isWxImg
FN:179,thumbnail
FN:204,(anonymous_15)
FN:219,envInfo
FN:221,(anonymous_17)
FN:228,isThirdPC
FNF:19
FNH:19
FNDA:5,json
FNDA:1,isDingTalk
FNDA:2,isDevEnv
FNDA:3,getByteLen
FNDA:10,deepClone
FNDA:1,getParamValues
FNDA:2,(anonymous_6)
FNDA:3,reverseNum
FNDA:5,getObjectType
FNDA:2,noRepeatArray
FNDA:3,(anonymous_10)
FNDA:1,isOuterLinkEnv
FNDA:4,browser
FNDA:9,isWxImg
FNDA:8,thumbnail
FNDA:6,(anonymous_15)
FNDA:5,envInfo
FNDA:5,(anonymous_17)
FNDA:7,isThirdPC
DA:1,10
DA:2,10
DA:7,10
DA:8,5
DA:9,5
DA:11,2
DA:19,10
DA:20,1
DA:27,10
DA:28,2
DA:29,2
DA:30,2
DA:31,2
DA:38,10
DA:39,3
DA:40,2
DA:41,5
DA:42,5
DA:43,3
DA:45,2
DA:48,2
DA:50,1
DA:56,10
DA:61,10
DA:62,10
DA:63,2
DA:65,8
DA:66,8
DA:67,12
DA:68,11
DA:69,3
DA:72,8
DA:73,5
DA:75,3
DA:80,8
DA:87,10
DA:88,2
DA:95,10
DA:96,3
DA:97,3
DA:98,1
DA:100,2
DA:107,10
DA:108,5
DA:115,10
DA:116,2
DA:117,2
DA:118,2
DA:119,3
DA:120,2
DA:121,2
DA:124,2
DA:131,10
DA:132,1
DA:133,1
DA:141,10
DA:143,4
DA:144,4
DA:145,4
DA:146,4
DA:147,4
DA:148,1
DA:150,3
DA:151,1
DA:153,2
DA:154,1
DA:156,1
DA:163,10
DA:164,9
DA:165,7
DA:166,5
DA:179,10
DA:180,8
DA:182,8
DA:184,7
DA:185,7
DA:187,5
DA:189,5
DA:190,5
DA:191,5
DA:192,5
DA:194,5
DA:198,2
DA:204,6
DA:205,1
DA:208,2
DA:209,1
DA:211,2
DA:219,10
DA:220,5
DA:221,5
DA:228,10
DA:230,7
DA:232,7
DA:233,7
DA:234,7
DA:235,7
DA:236,7
DA:237,2
DA:240,7
DA:241,2
DA:243,7
LF:102
LH:102
BRDA:11,0,0,2
BRDA:11,0,1,1
BRDA:31,1,0,2
BRDA:31,1,1,2
BRDA:31,1,2,2
BRDA:39,2,0,2
BRDA:39,2,1,1
BRDA:39,3,0,3
BRDA:39,3,1,2
BRDA:42,4,0,3
BRDA:42,4,1,2
BRDA:62,5,0,2
BRDA:62,5,1,8
BRDA:62,6,0,10
BRDA:62,6,1,10
BRDA:65,7,0,3
BRDA:65,7,1,5
BRDA:67,8,0,11
BRDA:67,8,1,1
BRDA:68,9,0,3
BRDA:68,9,1,8
BRDA:68,10,0,11
BRDA:68,10,1,7
BRDA:72,11,0,5
BRDA:72,11,1,3
BRDA:73,12,0,2
BRDA:73,12,1,3
BRDA:97,13,0,1
BRDA:97,13,1,2
BRDA:119,14,0,2
BRDA:119,14,1,1
BRDA:145,15,0,4
BRDA:145,15,1,3
BRDA:147,16,0,1
BRDA:147,16,1,3
BRDA:150,17,0,1
BRDA:150,17,1,2
BRDA:153,18,0,1
BRDA:153,18,1,1
BRDA:164,19,0,2
BRDA:164,19,1,7
BRDA:165,20,0,2
BRDA:165,20,1,5
BRDA:180,21,0,5
BRDA:180,21,1,3
BRDA:180,22,0,8
BRDA:180,22,1,5
BRDA:182,23,0,1
BRDA:182,23,1,7
BRDA:182,24,0,8
BRDA:182,24,1,7
BRDA:185,25,0,2
BRDA:185,25,1,5
BRDA:189,26,0,5
BRDA:189,26,1,4
BRDA:191,27,0,5
BRDA:191,27,1,1
BRDA:195,28,0,2
BRDA:195,28,1,2
BRDA:195,28,2,2
BRDA:195,28,3,3
BRDA:195,28,4,3
BRDA:204,29,0,1
BRDA:204,29,1,2
BRDA:208,30,0,1
BRDA:208,30,1,1
BRDA:208,31,0,2
BRDA:208,31,1,2
BRDA:232,32,0,2
BRDA:232,32,1,5
BRDA:235,33,0,7
BRDA:235,33,1,3
BRDA:236,34,0,2
BRDA:236,34,1,5
BRDA:240,35,0,2
BRDA:240,35,1,5
BRDA:240,36,0,7
BRDA:240,36,1,4
BRF:78
BRH:78
end_of_record
TN:
SF:/Users/jarvan/php/git/utils-tools/src/core/is.ts
FN:14,isArray
FN:21,isObject
FN:28,isPlainObject
FN:35,isNum
FN:42,isFunc
FN:49,isUndefined
FN:56,isNull
FNF:7
FNH:7
FNDA:10,isArray
FNDA:9,isObject
FNDA:9,isPlainObject
FNDA:2,isNum
FNDA:2,isFunc
FNDA:8,isUndefined
FNDA:9,isNull
DA:9,10
DA:14,10
DA:15,10
DA:21,10
DA:22,9
DA:28,10
DA:29,9
DA:35,10
DA:36,2
DA:42,10
DA:43,2
DA:49,10
DA:50,8
DA:56,10
DA:57,9
LF:15
LH:15
BRDA:15,0,0,10
BRDA:15,0,1,10
BRDA:22,1,0,9
BRDA:22,1,1,9
BRF:4
BRH:4
end_of_record
TN:
SF:/Users/jarvan/php/git/utils-tools/src/core/lodash-tool.ts
FNF:0
FNH:0
DA:1,10
DA:2,10
DA:3,10
DA:4,10
DA:5,10
DA:6,10
DA:7,10
DA:8,10
DA:9,10
DA:10,10
DA:11,10
DA:12,10
DA:13,10
DA:14,10
DA:15,10
DA:16,10
DA:19,10
DA:20,10
DA:21,10
DA:22,10
DA:23,10
DA:24,10
DA:25,10
DA:26,10
DA:27,10
DA:28,10
DA:29,10
DA:30,10
DA:31,10
DA:32,10
DA:33,10
DA:34,10
LF:32
LH:32
BRF:0
BRH:0
end_of_record
TN:
SF:/Users/jarvan/php/git/utils-tools/src/core/math.ts
FN:20,toNonExponential
FN:34,formatNumber
FN:56,toFixed
FN:73,plus
FN:85,subtract
FN:101,multiply
FN:117,divide
FN:129,scientificNumber
FN:164,formatToNumber
FN:177,dealNumber
FNF:10
FNH:10
FNDA:100,toNonExponential
FNDA:20,formatNumber
FNDA:20,toFixed
FNDA:6,plus
FNDA:4,subtract
FNDA:5,multiply
FNDA:5,divide
FNDA:8,scientificNumber
FNDA:2,formatToNumber
FNDA:3,dealNumber
DA:5,10
DA:21,100
DA:22,100
DA:23,100
DA:24,100
DA:26,3
DA:37,20
DA:38,20
DA:40,10
DA:42,20
DA:43,20
DA:45,19
DA:47,20
DA:48,20
DA:49,20
DA:56,29
DA:57,20
DA:58,20
DA:59,20
DA:60,20
DA:61,10
DA:63,10
DA:64,10
DA:65,10
DA:73,10
DA:74,6
DA:75,6
DA:76,6
DA:77,6
DA:78,6
DA:85,10
DA:90,4
DA:91,4
DA:92,4
DA:93,4
DA:94,4
DA:101,10
DA:106,5
DA:107,5
DA:108,5
DA:109,5
DA:110,5
DA:117,10
DA:118,5
DA:119,5
DA:120,5
DA:121,5
DA:122,5
DA:129,10
DA:130,8
DA:131,6
DA:132,6
DA:133,6
DA:136,6
DA:137,6
DA:138,2
DA:140,2
DA:142,2
DA:143,2
DA:144,44
DA:146,2
DA:147,4
DA:148,2
DA:149,2
DA:150,2
DA:151,2
DA:152,44
DA:154,2
DA:156,2
DA:164,10
DA:165,2
DA:166,2
DA:167,1
DA:169,1
DA:177,10
DA:178,3
DA:179,2
DA:180,2
DA:181,2
DA:182,2
DA:184,1
LF:81
LH:81
BRDA:24,0,0,100
BRDA:24,0,1,54
BRDA:56,1,0,9
BRDA:56,1,1,11
BRDA:59,2,0,20
BRDA:59,2,1,10
BRDA:59,2,2,10
BRDA:60,3,0,10
BRDA:60,3,1,10
BRDA:64,4,0,9
BRDA:64,4,1,1
BRDA:130,5,0,2
BRDA:130,5,1,6
BRDA:137,6,0,2
BRDA:137,6,1,4
BRDA:140,7,0,1
BRDA:140,7,1,1
BRDA:142,8,0,2
BRDA:142,8,1,1
BRDA:147,9,0,2
BRDA:147,9,1,2
BRDA:150,10,0,1
BRDA:150,10,1,1
BRDA:166,11,0,1
BRDA:166,11,1,1
BRDA:178,12,0,2
BRDA:178,12,1,1
BRDA:182,13,0,1
BRDA:182,13,1,1
BRF:29
BRH:29
end_of_record
TN:
SF:/Users/jarvan/php/git/utils-tools/src/core/method.ts
FN:13,debounce
FN:22,debounceWrap
FN:23,(anonymous_2)
FN:34,throttle
FN:43,throttleWrap
FN:44,(anonymous_5)
FNF:6
FNH:6
FNDA:8,debounce
FNDA:8,debounceWrap
FNDA:8,(anonymous_2)
FNDA:8,throttle
FNDA:8,throttleWrap
FNDA:8,(anonymous_5)
DA:1,10
DA:13,12
DA:14,8
DA:22,12
DA:23,8
DA:24,8
DA:25,8
DA:34,12
DA:35,8
DA:43,12
DA:44,8
DA:45,8
DA:46,8
LF:13
LH:13
BRDA:13,0,0,4
BRDA:13,0,1,4
BRDA:13,1,0,4
BRDA:13,1,1,4
BRDA:22,2,0,4
BRDA:22,2,1,4
BRDA:22,3,0,4
BRDA:22,3,1,4
BRDA:34,4,0,4
BRDA:34,4,1,4
BRDA:34,5,0,4
BRDA:34,5,1,4
BRDA:43,6,0,4
BRDA:43,6,1,4
BRDA:43,7,0,4
BRDA:43,7,1,4
BRF:16
BRH:16
end_of_record
TN:
SF:/Users/jarvan/php/git/utils-tools/src/core/url.ts
FN:7,cleanArray
FN:23,param
FN:26,(anonymous_2)
FN:46,param2Obj
FN:50,(anonymous_4)
FNF:5
FNH:5
FNDA:5,cleanArray
FNDA:4,param
FNDA:9,(anonymous_2)
FNDA:4,param2Obj
FNDA:5,(anonymous_4)
DA:7,10
DA:8,5
DA:9,5
DA:10,15
DA:11,11
DA:14,5
DA:23,10
DA:24,4
DA:25,3
DA:27,9
DA:28,7
DA:46,10
DA:47,4
DA:48,4
DA:50,4
DA:52,5
DA:54,4
LF:17
LH:17
BRDA:10,0,0,11
BRDA:10,0,1,4
BRDA:24,1,0,1
BRDA:24,1,1,3
BRDA:27,2,0,2
BRDA:27,2,1,7
BRDA:47,3,0,4
BRDA:47,3,1,1
BRF:8
BRH:8
end_of_record
TN:
SF:/Users/jarvan/php/git/utils-tools/src/core/uuid.ts
FN:5,guid
FN:7,S4
FN:17,getGuid
FN:18,(anonymous_3)
FNF:4
FNH:4
FNDA:2,guid
FNDA:16,S4
FNDA:1,getGuid
FNDA:31,(anonymous_3)
DA:5,10
DA:8,16
DA:10,2
DA:17,10
DA:18,1
DA:19,31
DA:20,31
DA:21,31
LF:8
LH:8
BRDA:20,0,0,30
BRDA:20,0,1,1
BRF:2
BRH:2
end_of_record
TN:
SF:/Users/jarvan/php/git/utils-tools/src/core/verify.ts
FN:7,verifyHttp
FN:17,verifyMobile
FN:28,verifyCode
FN:39,verifyEmail
FNF:4
FNH:4
FNDA:3,verifyHttp
FNDA:2,verifyMobile
FNDA:2,verifyCode
FNDA:2,verifyEmail
DA:7,10
DA:8,3
DA:17,10
DA:18,2
DA:19,2
DA:28,10
DA:29,2
DA:30,2
DA:39,10
DA:40,2
DA:41,2
LF:11
LH:11
BRF:0
BRH:0
end_of_record
TN:
SF:/Users/jarvan/php/git/utils-tools/src/enum/system.ts
FN:5,(anonymous_0)
FNF:1
FNH:1
FNDA:10,(anonymous_0)
DA:5,10
DA:6,10
DA:7,10
DA:8,10
DA:9,10
LF:5
LH:5
BRDA:5,0,0,10
BRDA:5,0,1,10
BRF:2
BRH:2
end_of_record
TN:
SF:/Users/jarvan/php/git/utils-tools/src/tools/index.ts
FN:4,mixin
FN:5,(anonymous_1)
FN:6,(anonymous_2)
FNF:3
FNH:3
FNDA:10,mixin
FNDA:100,(anonymous_1)
FNDA:910,(anonymous_2)
DA:4,10
DA:5,10
DA:6,100
DA:7,910
DA:10,10
LF:5
LH:5
BRF:0
BRH:0
end_of_record
