TN:
SF:/Users/jarvan/php/git/xbb-utils/src/index.ts
FN:25,initUtils
FNF:1
FNH:1
FNDA:10,initUtils
DA:8,10
DA:9,10
DA:10,10
DA:11,10
DA:12,10
DA:13,10
DA:14,10
DA:15,10
DA:16,10
DA:17,10
DA:19,10
DA:26,10
DA:27,10
DA:28,10
DA:30,10
DA:32,10
DA:38,10
DA:40,10
LF:18
LH:18
BRF:0
BRH:0
end_of_record
TN:
SF:/Users/jarvan/php/git/xbb-utils/src/core/date.ts
FN:25,(anonymous_0)
FN:28,(anonymous_1)
FN:31,(anonymous_2)
FN:34,(anonymous_3)
FN:37,(anonymous_4)
FN:40,(anonymous_5)
FN:43,(anonymous_6)
FN:46,(anonymous_7)
FN:49,(anonymous_8)
FN:52,(anonymous_9)
FN:55,(anonymous_10)
FN:58,(anonymous_11)
FN:61,(anonymous_12)
FN:64,(anonymous_13)
FN:67,(anonymous_14)
FN:70,(anonymous_15)
FN:73,(anonymous_16)
FN:76,(anonymous_17)
FN:87,formatTime
FN:92,(anonymous_19)
FN:103,formatHourTime
FN:133,now
FN:148,cloneDate
FN:155,timeZone
FN:163,formatEffectiveDate
FN:193,formatDate
FN:209,formatTimeCompare
FN:251,getDay
FN:268,getMonthDay
FN:299,getYearDay
FN:312,timestampToTime
FN:340,timestampToTimeString
FN:349,(anonymous_32)
FN:359,timeToTimestamp
FN:371,formatSecond
FNF:35
FNH:35
FNDA:1,(anonymous_0)
FNDA:1,(anonymous_1)
FNDA:8,(anonymous_2)
FNDA:3,(anonymous_3)
FNDA:9,(anonymous_4)
FNDA:4,(anonymous_5)
FNDA:1,(anonymous_6)
FNDA:13,(anonymous_7)
FNDA:7,(anonymous_8)
FNDA:5,(anonymous_9)
FNDA:2,(anonymous_10)
FNDA:4,(anonymous_11)
FNDA:7,(anonymous_12)
FNDA:7,(anonymous_13)
FNDA:7,(anonymous_14)
FNDA:7,(anonymous_15)
FNDA:2,(anonymous_16)
FNDA:2,(anonymous_17)
FNDA:22,formatTime
FNDA:92,(anonymous_19)
FNDA:4,formatHourTime
FNDA:2,now
FNDA:14,cloneDate
FNDA:26,timeZone
FNDA:42,formatEffectiveDate
FNDA:21,formatDate
FNDA:9,formatTimeCompare
FNDA:2,getDay
FNDA:5,getMonthDay
FNDA:2,getYearDay
FNDA:7,timestampToTime
FNDA:2,timestampToTimeString
FNDA:8,(anonymous_32)
FNDA:3,timeToTimestamp
FNDA:16,formatSecond
DA:8,10
DA:16,10
DA:24,10
DA:26,1
DA:29,1
DA:32,8
DA:35,3
DA:38,9
DA:41,4
DA:44,1
DA:47,13
DA:50,7
DA:53,5
DA:56,2
DA:59,4
DA:62,7
DA:65,7
DA:68,7
DA:71,7
DA:74,2
DA:77,2
DA:87,24
DA:88,22
DA:89,15
DA:91,22
DA:92,22
DA:93,92
DA:103,10
DA:104,4
DA:105,2
DA:107,4
DA:109,4
DA:110,4
DA:111,4
DA:113,4
DA:114,2
DA:115,2
DA:116,2
DA:117,2
DA:123,2
DA:133,10
DA:135,2
DA:136,1
DA:138,1
DA:139,1
DA:141,2
DA:148,10
DA:149,14
DA:155,10
DA:156,26
DA:163,10
DA:164,42
DA:165,42
DA:166,2
DA:167,40
DA:168,14
DA:169,26
DA:170,11
DA:171,10
DA:173,11
DA:176,15
DA:177,15
DA:179,15
DA:193,10
DA:194,21
DA:196,21
DA:197,11
DA:198,10
DA:199,3
DA:202,7
DA:209,10
DA:210,9
DA:211,9
DA:213,8
DA:216,8
DA:218,8
DA:219,8
DA:221,1
DA:222,7
DA:224,1
DA:225,6
DA:227,1
DA:228,5
DA:230,2
DA:243,3
DA:251,10
DA:256,2
DA:257,2
DA:258,2
DA:259,1
DA:261,1
DA:268,10
DA:273,5
DA:274,5
DA:275,5
DA:276,5
DA:277,5
DA:278,3
DA:279,3
DA:280,2
DA:281,1
DA:282,1
DA:284,1
DA:286,5
DA:287,1
DA:289,5
DA:290,1
DA:292,4
DA:299,10
DA:300,2
DA:301,2
DA:302,2
DA:303,1
DA:305,1
DA:312,10
DA:313,7
DA:314,7
DA:315,6
DA:318,6
DA:320,6
DA:321,6
DA:322,6
DA:324,6
DA:325,6
DA:333,1
DA:340,10
DA:341,2
DA:342,2
DA:349,2
DA:350,8
DA:352,2
DA:359,10
DA:360,3
DA:361,1
DA:363,2
DA:371,10
DA:372,16
DA:373,16
DA:374,16
DA:375,16
DA:376,16
DA:378,12
DA:379,12
DA:380,12
DA:382,10
DA:383,10
DA:385,2
DA:388,4
DA:389,4
DA:390,4
DA:392,2
DA:393,2
DA:395,2
DA:398,16
LF:154
LH:154
BRDA:50,0,0,7
BRDA:50,0,1,1
BRDA:53,1,0,5
BRDA:53,1,1,1
BRDA:74,2,0,1
BRDA:74,2,1,1
BRDA:77,3,0,1
BRDA:77,3,1,1
BRDA:87,4,0,2
BRDA:87,4,1,20
BRDA:88,5,0,15
BRDA:88,5,1,7
BRDA:93,6,0,90
BRDA:93,6,1,2
BRDA:104,7,0,2
BRDA:104,7,1,2
BRDA:113,8,0,2
BRDA:113,8,1,2
BRDA:133,9,0,1
BRDA:133,9,1,1
BRDA:135,10,0,1
BRDA:135,10,1,1
BRDA:165,11,0,2
BRDA:165,11,1,40
BRDA:167,12,0,14
BRDA:167,12,1,26
BRDA:168,13,0,1
BRDA:168,13,1,13
BRDA:169,14,0,11
BRDA:169,14,1,15
BRDA:170,15,0,10
BRDA:170,15,1,1
BRDA:173,16,0,10
BRDA:173,16,1,1
BRDA:179,17,0,14
BRDA:179,17,1,1
BRDA:179,18,0,15
BRDA:179,18,1,15
BRDA:196,19,0,11
BRDA:196,19,1,10
BRDA:198,20,0,3
BRDA:198,20,1,7
BRDA:211,21,0,1
BRDA:211,21,1,8
BRDA:219,22,0,1
BRDA:219,22,1,7
BRDA:222,23,0,1
BRDA:222,23,1,6
BRDA:222,24,0,7
BRDA:222,24,1,5
BRDA:225,25,0,1
BRDA:225,25,1,5
BRDA:225,26,0,6
BRDA:225,26,1,4
BRDA:228,27,0,2
BRDA:228,27,1,3
BRDA:258,28,0,1
BRDA:258,28,1,1
BRDA:277,29,0,3
BRDA:277,29,1,2
BRDA:280,30,0,1
BRDA:280,30,1,1
BRDA:286,31,0,1
BRDA:286,31,1,4
BRDA:289,32,0,1
BRDA:289,32,1,4
BRDA:302,33,0,1
BRDA:302,33,1,1
BRDA:314,34,0,6
BRDA:314,34,1,1
BRDA:316,35,0,5
BRDA:316,35,1,1
BRDA:320,36,0,5
BRDA:320,36,1,1
BRDA:321,37,0,1
BRDA:321,37,1,5
BRDA:322,38,0,5
BRDA:322,38,1,1
BRDA:324,39,0,5
BRDA:324,39,1,1
BRDA:360,40,0,1
BRDA:360,40,1,2
BRDA:376,41,0,12
BRDA:376,41,1,4
BRDA:380,42,0,10
BRDA:380,42,1,2
BRDA:390,43,0,2
BRDA:390,43,1,2
BRF:88
BRH:88
end_of_record
TN:
SF:/Users/jarvan/php/git/xbb-utils/src/core/format.ts
FN:15,formatAddZero
FN:31,dstMobile
FN:41,random
FN:51,creatMobile
FN:73,formatPhone
FN:84,parseParams
FN:112,formatParams
FN:138,hexToRgba
FNF:8
FNH:8
FNDA:100,formatAddZero
FNDA:1,dstMobile
FNDA:18,random
FNDA:2,creatMobile
FNDA:2,formatPhone
FNDA:5,parseParams
FNDA:4,formatParams
FNDA:5,hexToRgba
DA:8,10
DA:15,10
DA:16,100
DA:17,100
DA:18,99
DA:20,1
DA:22,100
DA:31,10
DA:32,1
DA:41,35
DA:42,18
DA:51,10
DA:52,2
DA:53,2
DA:54,2
DA:55,2
DA:64,2
DA:73,10
DA:74,2
DA:75,1
DA:84,10
DA:85,5
DA:87,3
DA:91,3
DA:93,3
DA:95,3
DA:96,9
DA:97,7
DA:98,7
DA:100,9
DA:103,3
DA:112,10
DA:113,4
DA:115,3
DA:117,3
DA:119,3
DA:120,7
DA:121,2
DA:124,5
DA:125,1
DA:127,4
DA:131,3
DA:138,10
DA:139,5
LF:44
LH:44
BRDA:17,0,0,99
BRDA:17,0,1,1
BRDA:22,1,0,32
BRDA:22,1,1,68
BRDA:41,2,0,17
BRDA:41,2,1,1
BRDA:51,3,0,1
BRDA:51,3,1,1
BRDA:54,4,0,1
BRDA:54,4,1,1
BRDA:74,5,0,1
BRDA:74,5,1,1
BRDA:85,6,0,2
BRDA:85,6,1,3
BRDA:85,7,0,5
BRDA:85,7,1,5
BRDA:96,8,0,7
BRDA:96,8,1,2
BRDA:113,9,0,1
BRDA:113,9,1,3
BRDA:120,10,0,2
BRDA:120,10,1,5
BRDA:120,11,0,7
BRDA:120,11,1,6
BRDA:124,12,0,1
BRDA:124,12,1,4
BRDA:131,13,0,2
BRDA:131,13,1,1
BRDA:147,14,0,5
BRDA:147,14,1,1
BRF:30
BRH:30
end_of_record
TN:
SF:/Users/jarvan/php/git/xbb-utils/src/core/index.ts
FN:16,json
FN:28,isDingTalk
FN:36,isDevEnv
FN:47,getByteLen
FN:70,deepClone
FN:96,getParamValues
FN:97,(anonymous_6)
FN:104,reverseNum
FN:116,getObjectType
FN:124,noRepeatArray
FN:127,(anonymous_10)
FN:140,isOuterLinkEnv
FN:150,browser
FN:172,isWxImg
FN:188,thumbnail
FN:213,(anonymous_15)
FN:228,envInfo
FN:230,(anonymous_17)
FN:237,isThirdPC
FNF:19
FNH:19
FNDA:5,json
FNDA:1,isDingTalk
FNDA:2,isDevEnv
FNDA:3,getByteLen
FNDA:10,deepClone
FNDA:1,getParamValues
FNDA:2,(anonymous_6)
FNDA:3,reverseNum
FNDA:5,getObjectType
FNDA:2,noRepeatArray
FNDA:3,(anonymous_10)
FNDA:1,isOuterLinkEnv
FNDA:4,browser
FNDA:9,isWxImg
FNDA:8,thumbnail
FNDA:6,(anonymous_15)
FNDA:5,envInfo
FNDA:5,(anonymous_17)
FNDA:7,isThirdPC
DA:10,10
DA:11,10
DA:16,10
DA:17,5
DA:18,5
DA:20,2
DA:28,10
DA:29,1
DA:36,10
DA:37,2
DA:38,2
DA:39,2
DA:40,2
DA:47,10
DA:48,3
DA:49,2
DA:50,5
DA:51,5
DA:52,3
DA:54,2
DA:57,2
DA:59,1
DA:65,10
DA:70,10
DA:71,10
DA:72,2
DA:74,8
DA:75,8
DA:76,12
DA:77,11
DA:78,3
DA:81,8
DA:82,5
DA:84,3
DA:89,8
DA:96,10
DA:97,2
DA:104,10
DA:105,3
DA:106,3
DA:107,1
DA:109,2
DA:116,10
DA:117,5
DA:124,10
DA:125,2
DA:126,2
DA:127,2
DA:128,3
DA:129,2
DA:130,2
DA:133,2
DA:140,10
DA:141,1
DA:142,1
DA:150,10
DA:152,4
DA:153,4
DA:154,4
DA:155,4
DA:156,4
DA:157,1
DA:159,3
DA:160,1
DA:162,2
DA:163,1
DA:165,1
DA:172,10
DA:173,9
DA:174,7
DA:175,5
DA:188,10
DA:189,8
DA:191,8
DA:193,7
DA:194,7
DA:196,5
DA:198,5
DA:199,5
DA:200,5
DA:201,5
DA:203,5
DA:207,2
DA:213,6
DA:214,1
DA:217,2
DA:218,1
DA:220,2
DA:228,10
DA:229,5
DA:230,5
DA:237,10
DA:239,7
DA:241,7
DA:242,7
DA:243,7
DA:244,7
DA:245,7
DA:246,2
DA:249,7
DA:250,2
DA:252,7
LF:102
LH:102
BRDA:20,0,0,2
BRDA:20,0,1,1
BRDA:40,1,0,2
BRDA:40,1,1,2
BRDA:40,1,2,2
BRDA:48,2,0,2
BRDA:48,2,1,1
BRDA:48,3,0,3
BRDA:48,3,1,2
BRDA:51,4,0,3
BRDA:51,4,1,2
BRDA:71,5,0,2
BRDA:71,5,1,8
BRDA:71,6,0,10
BRDA:71,6,1,10
BRDA:74,7,0,3
BRDA:74,7,1,5
BRDA:76,8,0,11
BRDA:76,8,1,1
BRDA:77,9,0,3
BRDA:77,9,1,8
BRDA:77,10,0,11
BRDA:77,10,1,7
BRDA:81,11,0,5
BRDA:81,11,1,3
BRDA:82,12,0,2
BRDA:82,12,1,3
BRDA:106,13,0,1
BRDA:106,13,1,2
BRDA:128,14,0,2
BRDA:128,14,1,1
BRDA:154,15,0,4
BRDA:154,15,1,3
BRDA:156,16,0,1
BRDA:156,16,1,3
BRDA:159,17,0,1
BRDA:159,17,1,2
BRDA:162,18,0,1
BRDA:162,18,1,1
BRDA:173,19,0,2
BRDA:173,19,1,7
BRDA:174,20,0,2
BRDA:174,20,1,5
BRDA:189,21,0,5
BRDA:189,21,1,3
BRDA:189,22,0,8
BRDA:189,22,1,5
BRDA:191,23,0,1
BRDA:191,23,1,7
BRDA:191,24,0,8
BRDA:191,24,1,7
BRDA:194,25,0,2
BRDA:194,25,1,5
BRDA:198,26,0,5
BRDA:198,26,1,4
BRDA:200,27,0,5
BRDA:200,27,1,1
BRDA:204,28,0,2
BRDA:204,28,1,2
BRDA:204,28,2,2
BRDA:204,28,3,3
BRDA:204,28,4,3
BRDA:213,29,0,1
BRDA:213,29,1,2
BRDA:217,30,0,1
BRDA:217,30,1,1
BRDA:217,31,0,2
BRDA:217,31,1,2
BRDA:241,32,0,2
BRDA:241,32,1,5
BRDA:244,33,0,7
BRDA:244,33,1,3
BRDA:245,34,0,2
BRDA:245,34,1,5
BRDA:249,35,0,2
BRDA:249,35,1,5
BRDA:249,36,0,7
BRDA:249,36,1,4
BRF:78
BRH:78
end_of_record
TN:
SF:/Users/jarvan/php/git/xbb-utils/src/core/is.ts
FN:21,isArray
FN:28,isObject
FN:35,isPlainObject
FN:42,isNum
FN:49,isFunc
FN:56,isUndefined
FN:63,isNull
FNF:7
FNH:7
FNDA:10,isArray
FNDA:9,isObject
FNDA:9,isPlainObject
FNDA:2,isNum
FNDA:2,isFunc
FNDA:8,isUndefined
FNDA:9,isNull
DA:16,10
DA:21,10
DA:22,10
DA:28,10
DA:29,9
DA:35,10
DA:36,9
DA:42,10
DA:43,2
DA:49,10
DA:50,2
DA:56,10
DA:57,8
DA:63,10
DA:64,9
LF:15
LH:15
BRDA:22,0,0,10
BRDA:22,0,1,10
BRDA:29,1,0,9
BRDA:29,1,1,9
BRF:4
BRH:4
end_of_record
TN:
SF:/Users/jarvan/php/git/xbb-utils/src/core/lodash-tool.ts
FNF:0
FNH:0
DA:8,10
DA:9,10
DA:10,10
DA:11,10
DA:12,10
DA:13,10
DA:14,10
DA:15,10
DA:16,10
DA:17,10
DA:18,10
DA:19,10
DA:20,10
DA:21,10
DA:24,10
DA:25,10
DA:26,10
DA:27,10
DA:28,10
DA:29,10
DA:30,10
DA:31,10
DA:32,10
DA:33,10
DA:34,10
DA:35,10
DA:36,10
DA:37,10
LF:28
LH:28
BRF:0
BRH:0
end_of_record
TN:
SF:/Users/jarvan/php/git/xbb-utils/src/core/math.ts
FN:27,toNonExponential
FN:41,formatNumber
FN:63,toFixed
FN:80,plus
FN:92,subtract
FN:108,multiply
FN:124,divide
FN:136,scientificNumber
FN:171,formatToNumber
FN:184,dealNumber
FNF:10
FNH:10
FNDA:100,toNonExponential
FNDA:20,formatNumber
FNDA:20,toFixed
FNDA:6,plus
FNDA:4,subtract
FNDA:5,multiply
FNDA:5,divide
FNDA:8,scientificNumber
FNDA:2,formatToNumber
FNDA:3,dealNumber
DA:12,10
DA:28,100
DA:29,100
DA:30,100
DA:31,100
DA:33,3
DA:44,20
DA:45,20
DA:47,10
DA:49,20
DA:50,20
DA:52,19
DA:54,20
DA:55,20
DA:56,20
DA:63,29
DA:64,20
DA:65,20
DA:66,20
DA:67,20
DA:68,10
DA:70,10
DA:71,10
DA:72,10
DA:80,10
DA:81,6
DA:82,6
DA:83,6
DA:84,6
DA:85,6
DA:92,10
DA:97,4
DA:98,4
DA:99,4
DA:100,4
DA:101,4
DA:108,10
DA:113,5
DA:114,5
DA:115,5
DA:116,5
DA:117,5
DA:124,10
DA:125,5
DA:126,5
DA:127,5
DA:128,5
DA:129,5
DA:136,10
DA:137,8
DA:138,6
DA:139,6
DA:140,6
DA:143,6
DA:144,6
DA:145,2
DA:147,2
DA:149,2
DA:150,2
DA:151,44
DA:153,2
DA:154,4
DA:155,2
DA:156,2
DA:157,2
DA:158,2
DA:159,44
DA:161,2
DA:163,2
DA:171,10
DA:172,2
DA:173,2
DA:174,1
DA:176,1
DA:184,10
DA:185,3
DA:186,2
DA:187,2
DA:188,2
DA:189,2
DA:191,1
LF:81
LH:81
BRDA:31,0,0,100
BRDA:31,0,1,54
BRDA:63,1,0,9
BRDA:63,1,1,11
BRDA:66,2,0,20
BRDA:66,2,1,10
BRDA:66,2,2,10
BRDA:67,3,0,10
BRDA:67,3,1,10
BRDA:71,4,0,9
BRDA:71,4,1,1
BRDA:137,5,0,2
BRDA:137,5,1,6
BRDA:144,6,0,2
BRDA:144,6,1,4
BRDA:147,7,0,1
BRDA:147,7,1,1
BRDA:149,8,0,2
BRDA:149,8,1,1
BRDA:154,9,0,2
BRDA:154,9,1,2
BRDA:157,10,0,1
BRDA:157,10,1,1
BRDA:173,11,0,1
BRDA:173,11,1,1
BRDA:185,12,0,2
BRDA:185,12,1,1
BRDA:189,13,0,1
BRDA:189,13,1,1
BRF:29
BRH:29
end_of_record
TN:
SF:/Users/jarvan/php/git/xbb-utils/src/core/method.ts
FN:20,debounce
FN:29,debounceWrap
FN:30,(anonymous_2)
FN:41,throttle
FN:50,throttleWrap
FN:51,(anonymous_5)
FNF:6
FNH:6
FNDA:8,debounce
FNDA:8,debounceWrap
FNDA:8,(anonymous_2)
FNDA:8,throttle
FNDA:8,throttleWrap
FNDA:8,(anonymous_5)
DA:8,10
DA:20,12
DA:21,8
DA:29,12
DA:30,8
DA:31,8
DA:32,8
DA:41,12
DA:42,8
DA:50,12
DA:51,8
DA:52,8
DA:53,8
LF:13
LH:13
BRDA:20,0,0,4
BRDA:20,0,1,4
BRDA:20,1,0,4
BRDA:20,1,1,4
BRDA:29,2,0,4
BRDA:29,2,1,4
BRDA:29,3,0,4
BRDA:29,3,1,4
BRDA:41,4,0,4
BRDA:41,4,1,4
BRDA:41,5,0,4
BRDA:41,5,1,4
BRDA:50,6,0,4
BRDA:50,6,1,4
BRDA:50,7,0,4
BRDA:50,7,1,4
BRF:16
BRH:16
end_of_record
TN:
SF:/Users/jarvan/php/git/xbb-utils/src/core/url.ts
FN:17,cleanArray
FN:33,param
FN:36,(anonymous_2)
FN:56,param2Obj
FN:60,(anonymous_4)
FNF:5
FNH:5
FNDA:5,cleanArray
FNDA:4,param
FNDA:9,(anonymous_2)
FNDA:4,param2Obj
FNDA:5,(anonymous_4)
DA:17,10
DA:18,5
DA:19,5
DA:20,15
DA:21,11
DA:24,5
DA:33,10
DA:34,4
DA:35,3
DA:37,9
DA:38,7
DA:56,10
DA:57,4
DA:58,4
DA:60,4
DA:62,5
DA:64,4
LF:17
LH:17
BRDA:20,0,0,11
BRDA:20,0,1,4
BRDA:34,1,0,1
BRDA:34,1,1,3
BRDA:37,2,0,2
BRDA:37,2,1,7
BRDA:57,3,0,4
BRDA:57,3,1,1
BRF:8
BRH:8
end_of_record
TN:
SF:/Users/jarvan/php/git/xbb-utils/src/core/uuid.ts
FN:15,guid
FN:17,S4
FN:27,getGuid
FN:28,(anonymous_3)
FNF:4
FNH:4
FNDA:2,guid
FNDA:16,S4
FNDA:1,getGuid
FNDA:31,(anonymous_3)
DA:15,10
DA:18,16
DA:20,2
DA:27,10
DA:28,1
DA:29,31
DA:30,31
DA:31,31
LF:8
LH:8
BRDA:30,0,0,30
BRDA:30,0,1,1
BRF:2
BRH:2
end_of_record
TN:
SF:/Users/jarvan/php/git/xbb-utils/src/core/verify.ts
FN:14,verifyHttp
FN:24,verifyMobile
FN:35,verifyCode
FN:46,verifyEmail
FNF:4
FNH:4
FNDA:3,verifyHttp
FNDA:2,verifyMobile
FNDA:2,verifyCode
FNDA:2,verifyEmail
DA:14,10
DA:15,3
DA:24,10
DA:25,2
DA:26,2
DA:35,10
DA:36,2
DA:37,2
DA:46,10
DA:47,2
DA:48,2
LF:11
LH:11
BRF:0
BRH:0
end_of_record
TN:
SF:/Users/jarvan/php/git/xbb-utils/src/enum/system.ts
FN:12,(anonymous_0)
FNF:1
FNH:1
FNDA:10,(anonymous_0)
DA:12,10
DA:13,10
DA:14,10
DA:15,10
DA:16,10
LF:5
LH:5
BRDA:12,0,0,10
BRDA:12,0,1,10
BRF:2
BRH:2
end_of_record
TN:
SF:/Users/jarvan/php/git/xbb-utils/src/tools/index.ts
FN:11,mixin
FN:12,(anonymous_1)
FN:13,(anonymous_2)
FNF:3
FNH:3
FNDA:10,mixin
FNDA:100,(anonymous_1)
FNDA:890,(anonymous_2)
DA:11,10
DA:12,10
DA:13,100
DA:14,890
DA:17,10
LF:5
LH:5
BRF:0
BRH:0
end_of_record
